<?xml version="1.0" encoding="UTF-8"?>
<coverage generated="1785929702">
  <project timestamp="1785929702">
    <file name="C:\Projetos\cifras_fdm\public\src\Repositories\BandaRepository.php">
      <class name="BandaRepository" namespace="global">
        <metrics complexity="13" methods="11" coveredmethods="11" conditionals="0" coveredconditionals="0" statements="60" coveredstatements="60" elements="71" coveredelements="71"/>
      </class>
      <line num="5" type="method" name="__construct" visibility="public" complexity="1" crap="1" count="5"/>
      <line num="6" type="stmt" count="5"/>
      <line num="9" type="method" name="getAll" visibility="public" complexity="1" crap="1" count="1"/>
      <line num="10" type="stmt" count="1"/>
      <line num="11" type="stmt" count="1"/>
      <line num="15" type="method" name="getByUsuario" visibility="public" complexity="1" crap="1" count="1"/>
      <line num="16" type="stmt" count="1"/>
      <line num="17" type="stmt" count="1"/>
      <line num="19" type="stmt" count="1"/>
      <line num="20" type="stmt" count="1"/>
      <line num="21" type="stmt" count="1"/>
      <line num="22" type="stmt" count="1"/>
      <line num="26" type="method" name="countByUsuario" visibility="public" complexity="1" crap="1" count="2"/>
      <line num="27" type="stmt" count="2"/>
      <line num="28" type="stmt" count="2"/>
      <line num="30" type="stmt" count="2"/>
      <line num="31" type="stmt" count="2"/>
      <line num="32" type="stmt" count="2"/>
      <line num="33" type="stmt" count="2"/>
      <line num="42" type="method" name="countGratuitasByUsuario" visibility="public" complexity="1" crap="1" count="2"/>
      <line num="43" type="stmt" count="2"/>
      <line num="44" type="stmt" count="2"/>
      <line num="46" type="stmt" count="2"/>
      <line num="47" type="stmt" count="2"/>
      <line num="48" type="stmt" count="2"/>
      <line num="49" type="stmt" count="2"/>
      <line num="52" type="method" name="findById" visibility="public" complexity="2" crap="2" count="2"/>
      <line num="53" type="stmt" count="2"/>
      <line num="54" type="stmt" count="2"/>
      <line num="55" type="stmt" count="2"/>
      <line num="56" type="stmt" count="2"/>
      <line num="59" type="method" name="save" visibility="public" complexity="2" crap="2" count="2"/>
      <line num="60" type="stmt" count="2"/>
      <line num="61" type="stmt" count="2"/>
      <line num="62" type="stmt" count="1"/>
      <line num="63" type="stmt" count="1"/>
      <line num="64" type="stmt" count="1"/>
      <line num="65" type="stmt" count="1"/>
      <line num="66" type="stmt" count="1"/>
      <line num="67" type="stmt" count="1"/>
      <line num="68" type="stmt" count="1"/>
      <line num="69" type="stmt" count="1"/>
      <line num="70" type="stmt" count="1"/>
      <line num="71" type="stmt" count="1"/>
      <line num="72" type="stmt" count="1"/>
      <line num="73" type="stmt" count="1"/>
      <line num="75" type="stmt" count="2"/>
      <line num="76" type="stmt" count="2"/>
      <line num="77" type="stmt" count="2"/>
      <line num="78" type="stmt" count="2"/>
      <line num="79" type="stmt" count="2"/>
      <line num="80" type="stmt" count="2"/>
      <line num="81" type="stmt" count="2"/>
      <line num="82" type="stmt" count="2"/>
      <line num="83" type="stmt" count="2"/>
      <line num="84" type="stmt" count="2"/>
      <line num="85" type="stmt" count="2"/>
      <line num="86" type="stmt" count="2"/>
      <line num="90" type="method" name="marcarBloqueada" visibility="public" complexity="1" crap="1" count="1"/>
      <line num="91" type="stmt" count="1"/>
      <line num="94" type="method" name="atualizarPlano" visibility="public" complexity="1" crap="1" count="2"/>
      <line num="95" type="stmt" count="2"/>
      <line num="96" type="stmt" count="2"/>
      <line num="102" type="method" name="ativarPlano" visibility="public" complexity="1" crap="1" count="1"/>
      <line num="103" type="stmt" count="1"/>
      <line num="104" type="stmt" count="1"/>
      <line num="105" type="stmt" count="1"/>
      <line num="106" type="stmt" count="1"/>
      <line num="109" type="method" name="delete" visibility="public" complexity="1" crap="1" count="1"/>
      <line num="110" type="stmt" count="1"/>
      <line num="111" type="stmt" count="1"/>
      <metrics loc="114" ncloc="103" classes="1" methods="11" coveredmethods="11" conditionals="0" coveredconditionals="0" statements="60" coveredstatements="60" elements="71" coveredelements="71"/>
    </file>
    <file name="C:\Projetos\cifras_fdm\public\src\Repositories\CategoriaRepository.php">
      <class name="CategoriaRepository" namespace="global">
        <metrics complexity="15" methods="6" coveredmethods="6" conditionals="0" coveredconditionals="0" statements="43" coveredstatements="43" elements="49" coveredelements="49"/>
      </class>
      <line num="5" type="method" name="__construct" visibility="public" complexity="1" crap="1" count="6"/>
      <line num="6" type="stmt" count="6"/>
      <line num="9" type="method" name="getAllByBanda" visibility="public" complexity="1" crap="1" count="2"/>
      <line num="10" type="stmt" count="2"/>
      <line num="11" type="stmt" count="2"/>
      <line num="12" type="stmt" count="2"/>
      <line num="15" type="method" name="save" visibility="public" complexity="8" crap="8" count="5"/>
      <line num="16" type="stmt" count="5"/>
      <line num="17" type="stmt" count="5"/>
      <line num="18" type="stmt" count="4"/>
      <line num="19" type="stmt" count="4"/>
      <line num="20" type="stmt" count="4"/>
      <line num="22" type="stmt" count="4"/>
      <line num="23" type="stmt" count="4"/>
      <line num="24" type="stmt" count="4"/>
      <line num="25" type="stmt" count="4"/>
      <line num="26" type="stmt" count="3"/>
      <line num="28" type="stmt" count="2"/>
      <line num="29" type="stmt" count="2"/>
      <line num="30" type="stmt" count="2"/>
      <line num="31" type="stmt" count="2"/>
      <line num="32" type="stmt" count="2"/>
      <line num="33" type="stmt" count="2"/>
      <line num="34" type="stmt" count="3"/>
      <line num="35" type="stmt" count="3"/>
      <line num="36" type="stmt" count="3"/>
      <line num="40" type="stmt" count="5"/>
      <line num="41" type="stmt" count="5"/>
      <line num="42" type="stmt" count="5"/>
      <line num="45" type="method" name="existsByName" visibility="public" complexity="1" crap="1" count="4"/>
      <line num="46" type="stmt" count="4"/>
      <line num="47" type="stmt" count="4"/>
      <line num="48" type="stmt" count="4"/>
      <line num="51" type="method" name="delete" visibility="public" complexity="3" crap="3" count="4"/>
      <line num="52" type="stmt" count="4"/>
      <line num="53" type="stmt" count="4"/>
      <line num="54" type="stmt" count="4"/>
      <line num="55" type="stmt" count="4"/>
      <line num="56" type="stmt" count="4"/>
      <line num="57" type="stmt" count="1"/>
      <line num="59" type="stmt" count="3"/>
      <line num="60" type="stmt" count="3"/>
      <line num="61" type="stmt" count="3"/>
      <line num="64" type="method" name="getVersion" visibility="public" complexity="1" crap="1" count="1"/>
      <line num="65" type="stmt" count="1"/>
      <line num="66" type="stmt" count="1"/>
      <line num="67" type="stmt" count="1"/>
      <line num="68" type="stmt" count="1"/>
      <line num="69" type="stmt" count="1"/>
      <metrics loc="72" ncloc="72" classes="1" methods="6" coveredmethods="6" conditionals="0" coveredconditionals="0" statements="43" coveredstatements="43" elements="49" coveredelements="49"/>
    </file>
    <file name="C:\Projetos\cifras_fdm\public\src\Repositories\LiveStateRepository.php">
      <class name="LiveStateRepository" namespace="global">
        <metrics complexity="10" methods="4" coveredmethods="4" conditionals="0" coveredconditionals="0" statements="54" coveredstatements="54" elements="58" coveredelements="58"/>
      </class>
      <line num="5" type="method" name="__construct" visibility="public" complexity="1" crap="1" count="1"/>
      <line num="6" type="stmt" count="1"/>
      <line num="9" type="method" name="get" visibility="public" complexity="2" crap="2" count="1"/>
      <line num="10" type="stmt" count="1"/>
      <line num="11" type="stmt" count="1"/>
      <line num="12" type="stmt" count="1"/>
      <line num="13" type="stmt" count="1"/>
      <line num="14" type="stmt" count="1"/>
      <line num="16" type="stmt" count="1"/>
      <line num="19" type="method" name="update" visibility="public" complexity="6" crap="6" count="1"/>
      <line num="20" type="stmt" count="1"/>
      <line num="21" type="stmt" count="1"/>
      <line num="22" type="stmt" count="1"/>
      <line num="24" type="stmt" count="1"/>
      <line num="25" type="stmt" count="1"/>
      <line num="26" type="stmt" count="1"/>
      <line num="28" type="stmt" count="1"/>
      <line num="29" type="stmt" count="1"/>
      <line num="30" type="stmt" count="1"/>
      <line num="31" type="stmt" count="1"/>
      <line num="32" type="stmt" count="1"/>
      <line num="33" type="stmt" count="1"/>
      <line num="34" type="stmt" count="1"/>
      <line num="35" type="stmt" count="1"/>
      <line num="36" type="stmt" count="1"/>
      <line num="37" type="stmt" count="1"/>
      <line num="38" type="stmt" count="1"/>
      <line num="39" type="stmt" count="1"/>
      <line num="40" type="stmt" count="1"/>
      <line num="41" type="stmt" count="1"/>
      <line num="42" type="stmt" count="1"/>
      <line num="43" type="stmt" count="1"/>
      <line num="46" type="stmt" count="1"/>
      <line num="47" type="stmt" count="1"/>
      <line num="48" type="stmt" count="1"/>
      <line num="49" type="stmt" count="1"/>
      <line num="50" type="stmt" count="1"/>
      <line num="51" type="stmt" count="1"/>
      <line num="52" type="stmt" count="1"/>
      <line num="53" type="stmt" count="1"/>
      <line num="56" type="stmt" count="1"/>
      <line num="58" type="stmt" count="1"/>
      <line num="59" type="stmt" count="1"/>
      <line num="60" type="stmt" count="1"/>
      <line num="61" type="stmt" count="1"/>
      <line num="64" type="method" name="defaultState" visibility="private" complexity="1" crap="1" count="1"/>
      <line num="65" type="stmt" count="1"/>
      <line num="66" type="stmt" count="1"/>
      <line num="67" type="stmt" count="1"/>
      <line num="68" type="stmt" count="1"/>
      <line num="69" type="stmt" count="1"/>
      <line num="70" type="stmt" count="1"/>
      <line num="71" type="stmt" count="1"/>
      <line num="72" type="stmt" count="1"/>
      <line num="73" type="stmt" count="1"/>
      <line num="74" type="stmt" count="1"/>
      <line num="75" type="stmt" count="1"/>
      <line num="76" type="stmt" count="1"/>
      <metrics loc="79" ncloc="79" classes="1" methods="4" coveredmethods="4" conditionals="0" coveredconditionals="0" statements="54" coveredstatements="54" elements="58" coveredelements="58"/>
    </file>
    <file name="C:\Projetos\cifras_fdm\public\src\Repositories\MusicaRepository.php">
      <class name="MusicaRepository" namespace="global">
        <metrics complexity="16" methods="9" coveredmethods="9" conditionals="0" coveredconditionals="0" statements="74" coveredstatements="74" elements="83" coveredelements="83"/>
      </class>
      <line num="5" type="method" name="__construct" visibility="public" complexity="1" crap="1" count="10"/>
      <line num="6" type="stmt" count="10"/>
      <line num="9" type="method" name="countByBanda" visibility="public" complexity="1" crap="1" count="5"/>
      <line num="10" type="stmt" count="5"/>
      <line num="11" type="stmt" count="5"/>
      <line num="12" type="stmt" count="5"/>
      <line num="15" type="method" name="getAllByBanda" visibility="public" complexity="1" crap="1" count="2"/>
      <line num="16" type="stmt" count="2"/>
      <line num="17" type="stmt" count="2"/>
      <line num="18" type="stmt" count="2"/>
      <line num="19" type="stmt" count="2"/>
      <line num="20" type="stmt" count="2"/>
      <line num="23" type="method" name="findById" visibility="public" complexity="2" crap="2" count="5"/>
      <line num="24" type="stmt" count="5"/>
      <line num="25" type="stmt" count="5"/>
      <line num="26" type="stmt" count="5"/>
      <line num="27" type="stmt" count="5"/>
      <line num="30" type="method" name="findBySourceUrl" visibility="public" complexity="3" crap="3" count="1"/>
      <line num="31" type="stmt" count="1"/>
      <line num="32" type="stmt" count="1"/>
      <line num="33" type="stmt" count="1"/>
      <line num="34" type="stmt" count="1"/>
      <line num="35" type="stmt" count="1"/>
      <line num="37" type="stmt" count="1"/>
      <line num="38" type="stmt" count="1"/>
      <line num="39" type="stmt" count="1"/>
      <line num="40" type="stmt" count="1"/>
      <line num="43" type="method" name="save" visibility="public" complexity="3" crap="3" count="10"/>
      <line num="44" type="stmt" count="10"/>
      <line num="45" type="stmt" count="3"/>
      <line num="46" type="stmt" count="1"/>
      <line num="47" type="stmt" count="1"/>
      <line num="48" type="stmt" count="1"/>
      <line num="49" type="stmt" count="1"/>
      <line num="50" type="stmt" count="1"/>
      <line num="51" type="stmt" count="1"/>
      <line num="52" type="stmt" count="1"/>
      <line num="53" type="stmt" count="1"/>
      <line num="54" type="stmt" count="1"/>
      <line num="55" type="stmt" count="1"/>
      <line num="56" type="stmt" count="1"/>
      <line num="57" type="stmt" count="1"/>
      <line num="58" type="stmt" count="1"/>
      <line num="59" type="stmt" count="1"/>
      <line num="62" type="stmt" count="9"/>
      <line num="63" type="stmt" count="9"/>
      <line num="64" type="stmt" count="9"/>
      <line num="65" type="stmt" count="9"/>
      <line num="66" type="stmt" count="9"/>
      <line num="67" type="stmt" count="9"/>
      <line num="68" type="stmt" count="9"/>
      <line num="69" type="stmt" count="9"/>
      <line num="70" type="stmt" count="9"/>
      <line num="71" type="stmt" count="9"/>
      <line num="72" type="stmt" count="9"/>
      <line num="73" type="stmt" count="9"/>
      <line num="74" type="stmt" count="9"/>
      <line num="77" type="method" name="delete" visibility="public" complexity="2" crap="2" count="1"/>
      <line num="78" type="stmt" count="1"/>
      <line num="79" type="stmt" count="1"/>
      <line num="80" type="stmt" count="1"/>
      <line num="83" type="method" name="copy" visibility="public" complexity="2" crap="2" count="2"/>
      <line num="84" type="stmt" count="2"/>
      <line num="85" type="stmt" count="2"/>
      <line num="86" type="stmt" count="1"/>
      <line num="87" type="stmt" count="1"/>
      <line num="88" type="stmt" count="1"/>
      <line num="89" type="stmt" count="1"/>
      <line num="90" type="stmt" count="1"/>
      <line num="91" type="stmt" count="1"/>
      <line num="92" type="stmt" count="1"/>
      <line num="93" type="stmt" count="1"/>
      <line num="94" type="stmt" count="1"/>
      <line num="95" type="stmt" count="1"/>
      <line num="96" type="stmt" count="1"/>
      <line num="97" type="stmt" count="1"/>
      <line num="98" type="stmt" count="1"/>
      <line num="101" type="method" name="getVersion" visibility="public" complexity="1" crap="1" count="1"/>
      <line num="102" type="stmt" count="1"/>
      <line num="103" type="stmt" count="1"/>
      <line num="104" type="stmt" count="1"/>
      <line num="105" type="stmt" count="1"/>
      <line num="106" type="stmt" count="1"/>
      <metrics loc="109" ncloc="109" classes="1" methods="9" coveredmethods="9" conditionals="0" coveredconditionals="0" statements="74" coveredstatements="74" elements="83" coveredelements="83"/>
    </file>
    <file name="C:\Projetos\cifras_fdm\public\src\Repositories\PlaylistRepository.php">
      <class name="PlaylistRepository" namespace="global">
        <metrics complexity="11" methods="5" coveredmethods="5" conditionals="0" coveredconditionals="0" statements="29" coveredstatements="29" elements="34" coveredelements="34"/>
      </class>
      <line num="5" type="method" name="__construct" visibility="public" complexity="1" crap="1" count="3"/>
      <line num="6" type="stmt" count="3"/>
      <line num="9" type="method" name="countByBanda" visibility="public" complexity="1" crap="1" count="1"/>
      <line num="10" type="stmt" count="1"/>
      <line num="11" type="stmt" count="1"/>
      <line num="12" type="stmt" count="1"/>
      <line num="15" type="method" name="getAllByBanda" visibility="public" complexity="3" crap="3" count="3"/>
      <line num="16" type="stmt" count="3"/>
      <line num="17" type="stmt" count="3"/>
      <line num="18" type="stmt" count="3"/>
      <line num="19" type="stmt" count="3"/>
      <line num="20" type="stmt" count="3"/>
      <line num="21" type="stmt" count="3"/>
      <line num="22" type="stmt" count="3"/>
      <line num="24" type="stmt" count="3"/>
      <line num="27" type="method" name="findById" visibility="public" complexity="3" crap="3" count="3"/>
      <line num="28" type="stmt" count="3"/>
      <line num="29" type="stmt" count="3"/>
      <line num="30" type="stmt" count="3"/>
      <line num="31" type="stmt" count="3"/>
      <line num="32" type="stmt" count="2"/>
      <line num="33" type="stmt" count="2"/>
      <line num="36" type="method" name="saveAll" visibility="public" complexity="3" crap="3" count="2"/>
      <line num="37" type="stmt" count="2"/>
      <line num="38" type="stmt" count="2"/>
      <line num="39" type="stmt" count="2"/>
      <line num="40" type="stmt" count="2"/>
      <line num="41" type="stmt" count="2"/>
      <line num="42" type="stmt" count="2"/>
      <line num="43" type="stmt" count="2"/>
      <line num="44" type="stmt" count="2"/>
      <line num="45" type="stmt" count="2"/>
      <line num="46" type="stmt" count="2"/>
      <line num="47" type="stmt" count="2"/>
      <metrics loc="51" ncloc="51" classes="1" methods="5" coveredmethods="5" conditionals="0" coveredconditionals="0" statements="29" coveredstatements="29" elements="34" coveredelements="34"/>
    </file>
    <file name="C:\Projetos\cifras_fdm\public\src\Repositories\RoteiroRepository.php">
      <class name="RoteiroRepository" namespace="global">
        <metrics complexity="9" methods="5" coveredmethods="5" conditionals="0" coveredconditionals="0" statements="24" coveredstatements="24" elements="29" coveredelements="29"/>
      </class>
      <line num="5" type="method" name="__construct" visibility="public" complexity="1" crap="1" count="4"/>
      <line num="6" type="stmt" count="4"/>
      <line num="9" type="method" name="getAllByBanda" visibility="public" complexity="1" crap="1" count="3"/>
      <line num="10" type="stmt" count="3"/>
      <line num="11" type="stmt" count="3"/>
      <line num="12" type="stmt" count="3"/>
      <line num="13" type="stmt" count="3"/>
      <line num="14" type="stmt" count="3"/>
      <line num="17" type="method" name="findById" visibility="public" complexity="2" crap="2" count="2"/>
      <line num="18" type="stmt" count="2"/>
      <line num="19" type="stmt" count="2"/>
      <line num="20" type="stmt" count="2"/>
      <line num="21" type="stmt" count="2"/>
      <line num="24" type="method" name="delete" visibility="public" complexity="2" crap="2" count="3"/>
      <line num="25" type="stmt" count="3"/>
      <line num="26" type="stmt" count="3"/>
      <line num="27" type="stmt" count="3"/>
      <line num="30" type="method" name="saveAll" visibility="public" complexity="3" crap="3" count="3"/>
      <line num="31" type="stmt" count="3"/>
      <line num="32" type="stmt" count="3"/>
      <line num="33" type="stmt" count="3"/>
      <line num="34" type="stmt" count="3"/>
      <line num="35" type="stmt" count="3"/>
      <line num="36" type="stmt" count="3"/>
      <line num="37" type="stmt" count="3"/>
      <line num="38" type="stmt" count="3"/>
      <line num="39" type="stmt" count="3"/>
      <line num="40" type="stmt" count="3"/>
      <line num="41" type="stmt" count="3"/>
      <metrics loc="45" ncloc="45" classes="1" methods="5" coveredmethods="5" conditionals="0" coveredconditionals="0" statements="24" coveredstatements="24" elements="29" coveredelements="29"/>
    </file>
    <file name="C:\Projetos\cifras_fdm\public\src\Repositories\SyncRevisionRepository.php">
      <class name="SyncRevisionRepository" namespace="global">
        <metrics complexity="9" methods="3" coveredmethods="3" conditionals="0" coveredconditionals="0" statements="19" coveredstatements="19" elements="22" coveredelements="22"/>
      </class>
      <line num="5" type="method" name="__construct" visibility="public" complexity="1" crap="1" count="3"/>
      <line num="6" type="stmt" count="3"/>
      <line num="9" type="method" name="get" visibility="public" complexity="2" crap="2" count="2"/>
      <line num="10" type="stmt" count="2"/>
      <line num="11" type="stmt" count="2"/>
      <line num="12" type="stmt" count="2"/>
      <line num="15" type="method" name="mutate" visibility="public" complexity="6" crap="6" count="2"/>
      <line num="16" type="stmt" count="2"/>
      <line num="18" type="stmt" count="2"/>
      <line num="19" type="stmt" count="2"/>
      <line num="20" type="stmt" count="2"/>
      <line num="21" type="stmt" count="2"/>
      <line num="22" type="stmt" count="2"/>
      <line num="23" type="stmt" count="1"/>
      <line num="25" type="stmt" count="2"/>
      <line num="26" type="stmt" count="2"/>
      <line num="27" type="stmt" count="2"/>
      <line num="28" type="stmt" count="2"/>
      <line num="29" type="stmt" count="2"/>
      <line num="30" type="stmt" count="1"/>
      <line num="31" type="stmt" count="1"/>
      <line num="32" type="stmt" count="1"/>
      <metrics loc="36" ncloc="36" classes="1" methods="3" coveredmethods="3" conditionals="0" coveredconditionals="0" statements="19" coveredstatements="19" elements="22" coveredelements="22"/>
    </file>
    <file name="C:\Projetos\cifras_fdm\public\src\Repositories\UserRepository.php">
      <class name="UserRepository" namespace="global">
        <metrics complexity="70" methods="26" coveredmethods="26" conditionals="0" coveredconditionals="0" statements="214" coveredstatements="214" elements="240" coveredelements="240"/>
      </class>
      <line num="5" type="method" name="__construct" visibility="public" complexity="1" crap="1" count="17"/>
      <line num="6" type="stmt" count="17"/>
      <line num="9" type="method" name="countByBanda" visibility="public" complexity="1" crap="1" count="1"/>
      <line num="10" type="stmt" count="1"/>
      <line num="11" type="stmt" count="1"/>
      <line num="12" type="stmt" count="1"/>
      <line num="15" type="method" name="findByEmail" visibility="public" complexity="5" crap="5" count="5"/>
      <line num="16" type="stmt" count="5"/>
      <line num="17" type="stmt" count="5"/>
      <line num="20" type="stmt" count="5"/>
      <line num="21" type="stmt" count="5"/>
      <line num="22" type="stmt" count="5"/>
      <line num="23" type="stmt" count="5"/>
      <line num="25" type="stmt" count="5"/>
      <line num="27" type="stmt" count="3"/>
      <line num="28" type="stmt" count="3"/>
      <line num="29" type="stmt" count="3"/>
      <line num="30" type="stmt" count="3"/>
      <line num="31" type="stmt" count="1"/>
      <line num="32" type="stmt" count="1"/>
      <line num="33" type="stmt" count="1"/>
      <line num="34" type="stmt" count="1"/>
      <line num="37" type="stmt" count="3"/>
      <line num="40" type="stmt" count="3"/>
      <line num="41" type="stmt" count="3"/>
      <line num="43" type="stmt" count="3"/>
      <line num="46" type="method" name="findByGoogleSub" visibility="public" complexity="5" crap="5" count="4"/>
      <line num="47" type="stmt" count="4"/>
      <line num="48" type="stmt" count="4"/>
      <line num="51" type="stmt" count="4"/>
      <line num="52" type="stmt" count="4"/>
      <line num="53" type="stmt" count="4"/>
      <line num="54" type="stmt" count="4"/>
      <line num="56" type="stmt" count="4"/>
      <line num="58" type="stmt" count="3"/>
      <line num="59" type="stmt" count="3"/>
      <line num="60" type="stmt" count="3"/>
      <line num="61" type="stmt" count="3"/>
      <line num="62" type="stmt" count="1"/>
      <line num="63" type="stmt" count="1"/>
      <line num="64" type="stmt" count="1"/>
      <line num="65" type="stmt" count="1"/>
      <line num="68" type="stmt" count="3"/>
      <line num="70" type="stmt" count="3"/>
      <line num="71" type="stmt" count="3"/>
      <line num="73" type="stmt" count="3"/>
      <line num="76" type="method" name="linkGoogleSub" visibility="public" complexity="1" crap="1" count="1"/>
      <line num="77" type="stmt" count="1"/>
      <line num="80" type="method" name="findById" visibility="public" complexity="3" crap="3" count="17"/>
      <line num="81" type="stmt" count="17"/>
      <line num="82" type="stmt" count="17"/>
      <line num="83" type="stmt" count="17"/>
      <line num="84" type="stmt" count="17"/>
      <line num="85" type="stmt" count="5"/>
      <line num="86" type="stmt" count="5"/>
      <line num="87" type="stmt" count="5"/>
      <line num="90" type="method" name="getAll" visibility="public" complexity="3" crap="3" count="1"/>
      <line num="91" type="stmt" count="1"/>
      <line num="92" type="stmt" count="1"/>
      <line num="93" type="stmt" count="1"/>
      <line num="94" type="stmt" count="1"/>
      <line num="95" type="stmt" count="1"/>
      <line num="97" type="stmt" count="1"/>
      <line num="100" type="method" name="save" visibility="public" complexity="9" crap="9" count="17"/>
      <line num="101" type="stmt" count="17"/>
      <line num="102" type="stmt" count="16"/>
      <line num="103" type="stmt" count="4"/>
      <line num="105" type="stmt" count="17"/>
      <line num="106" type="stmt" count="17"/>
      <line num="108" type="stmt" count="17"/>
      <line num="109" type="stmt" count="17"/>
      <line num="110" type="stmt" count="2"/>
      <line num="111" type="stmt" count="2"/>
      <line num="112" type="stmt" count="2"/>
      <line num="113" type="stmt" count="2"/>
      <line num="114" type="stmt" count="2"/>
      <line num="115" type="stmt" count="2"/>
      <line num="116" type="stmt" count="2"/>
      <line num="117" type="stmt" count="2"/>
      <line num="118" type="stmt" count="2"/>
      <line num="119" type="stmt" count="2"/>
      <line num="120" type="stmt" count="2"/>
      <line num="121" type="stmt" count="2"/>
      <line num="122" type="stmt" count="2"/>
      <line num="123" type="stmt" count="2"/>
      <line num="124" type="stmt" count="2"/>
      <line num="126" type="stmt" count="17"/>
      <line num="127" type="stmt" count="17"/>
      <line num="128" type="stmt" count="17"/>
      <line num="129" type="stmt" count="17"/>
      <line num="130" type="stmt" count="17"/>
      <line num="131" type="stmt" count="17"/>
      <line num="132" type="stmt" count="17"/>
      <line num="133" type="stmt" count="17"/>
      <line num="134" type="stmt" count="17"/>
      <line num="135" type="stmt" count="17"/>
      <line num="136" type="stmt" count="17"/>
      <line num="137" type="stmt" count="17"/>
      <line num="138" type="stmt" count="17"/>
      <line num="139" type="stmt" count="17"/>
      <line num="140" type="stmt" count="17"/>
      <line num="143" type="stmt" count="17"/>
      <line num="144" type="stmt" count="2"/>
      <line num="145" type="stmt" count="2"/>
      <line num="146" type="stmt" count="2"/>
      <line num="147" type="stmt" count="2"/>
      <line num="148" type="stmt" count="2"/>
      <line num="149" type="stmt" count="2"/>
      <line num="154" type="method" name="updateConfig" visibility="public" complexity="2" crap="2" count="1"/>
      <line num="155" type="stmt" count="1"/>
      <line num="156" type="stmt" count="1"/>
      <line num="157" type="stmt" count="1"/>
      <line num="158" type="stmt" count="1"/>
      <line num="159" type="stmt" count="1"/>
      <line num="160" type="stmt" count="1"/>
      <line num="161" type="stmt" count="1"/>
      <line num="164" type="method" name="delete" visibility="public" complexity="1" crap="1" count="1"/>
      <line num="165" type="stmt" count="1"/>
      <line num="168" type="method" name="getBandasDoUsuario" visibility="public" complexity="1" crap="1" count="2"/>
      <line num="169" type="stmt" count="2"/>
      <line num="170" type="stmt" count="2"/>
      <line num="174" type="stmt" count="2"/>
      <line num="175" type="stmt" count="2"/>
      <line num="176" type="stmt" count="2"/>
      <line num="177" type="stmt" count="2"/>
      <line num="180" type="method" name="getByBanda" visibility="public" complexity="1" crap="1" count="1"/>
      <line num="181" type="stmt" count="1"/>
      <line num="182" type="stmt" count="1"/>
      <line num="187" type="stmt" count="1"/>
      <line num="188" type="stmt" count="1"/>
      <line num="189" type="stmt" count="1"/>
      <line num="190" type="stmt" count="1"/>
      <line num="193" type="method" name="recordLegalAcceptance" visibility="public" complexity="1" crap="1" count="1"/>
      <line num="194" type="stmt" count="1"/>
      <line num="195" type="stmt" count="1"/>
      <line num="196" type="stmt" count="1"/>
      <line num="199" type="method" name="findByIdInBanda" visibility="public" complexity="2" crap="2" count="1"/>
      <line num="200" type="stmt" count="1"/>
      <line num="201" type="stmt" count="1"/>
      <line num="203" type="stmt" count="1"/>
      <line num="204" type="stmt" count="1"/>
      <line num="205" type="stmt" count="1"/>
      <line num="206" type="stmt" count="1"/>
      <line num="207" type="stmt" count="1"/>
      <line num="210" type="method" name="belongsToBanda" visibility="public" complexity="1" crap="1" count="1"/>
      <line num="211" type="stmt" count="1"/>
      <line num="212" type="stmt" count="1"/>
      <line num="213" type="stmt" count="1"/>
      <line num="216" type="method" name="saveToBanda" visibility="public" complexity="9" crap="9" count="2"/>
      <line num="217" type="stmt" count="2"/>
      <line num="218" type="stmt" count="2"/>
      <line num="220" type="stmt" count="2"/>
      <line num="221" type="stmt" count="2"/>
      <line num="222" type="stmt" count="1"/>
      <line num="225" type="stmt" count="2"/>
      <line num="227" type="stmt" count="2"/>
      <line num="228" type="stmt" count="2"/>
      <line num="229" type="stmt" count="1"/>
      <line num="230" type="stmt" count="1"/>
      <line num="231" type="stmt" count="1"/>
      <line num="233" type="stmt" count="1"/>
      <line num="234" type="stmt" count="1"/>
      <line num="237" type="stmt" count="2"/>
      <line num="238" type="stmt" count="2"/>
      <line num="239" type="stmt" count="2"/>
      <line num="240" type="stmt" count="2"/>
      <line num="241" type="stmt" count="2"/>
      <line num="242" type="stmt" count="2"/>
      <line num="243" type="stmt" count="2"/>
      <line num="244" type="stmt" count="2"/>
      <line num="247" type="stmt" count="1"/>
      <line num="248" type="stmt" count="1"/>
      <line num="249" type="stmt" count="1"/>
      <line num="250" type="stmt" count="1"/>
      <line num="252" type="stmt" count="1"/>
      <line num="255" type="method" name="removeFromBanda" visibility="public" complexity="1" crap="1" count="1"/>
      <line num="256" type="stmt" count="1"/>
      <line num="257" type="stmt" count="1"/>
      <line num="260" type="method" name="searchNotInBanda" visibility="public" complexity="1" crap="1" count="1"/>
      <line num="261" type="stmt" count="1"/>
      <line num="262" type="stmt" count="1"/>
      <line num="263" type="stmt" count="1"/>
      <line num="267" type="stmt" count="1"/>
      <line num="268" type="stmt" count="1"/>
      <line num="269" type="stmt" count="1"/>
      <line num="270" type="stmt" count="1"/>
      <line num="273" type="method" name="importToBanda" visibility="public" complexity="1" crap="1" count="1"/>
      <line num="274" type="stmt" count="1"/>
      <line num="275" type="stmt" count="1"/>
      <line num="276" type="stmt" count="1"/>
      <line num="277" type="stmt" count="1"/>
      <line num="280" type="method" name="activate" visibility="public" complexity="1" crap="1" count="1"/>
      <line num="281" type="stmt" count="1"/>
      <line num="282" type="stmt" count="1"/>
      <line num="283" type="stmt" count="1"/>
      <line num="284" type="stmt" count="1"/>
      <line num="287" type="method" name="updatePassword" visibility="public" complexity="1" crap="1" count="1"/>
      <line num="288" type="stmt" count="1"/>
      <line num="289" type="stmt" count="1"/>
      <line num="290" type="stmt" count="1"/>
      <line num="295" type="method" name="createToken" visibility="public" complexity="1" crap="1" count="1"/>
      <line num="296" type="stmt" count="1"/>
      <line num="297" type="stmt" count="1"/>
      <line num="298" type="stmt" count="1"/>
      <line num="299" type="stmt" count="1"/>
      <line num="300" type="stmt" count="1"/>
      <line num="301" type="stmt" count="1"/>
      <line num="302" type="stmt" count="1"/>
      <line num="306" type="method" name="consumeToken" visibility="public" complexity="12" crap="12" count="1"/>
      <line num="307" type="stmt" count="1"/>
      <line num="308" type="stmt" count="1"/>
      <line num="309" type="stmt" count="1"/>
      <line num="311" type="stmt" count="1"/>
      <line num="312" type="stmt" count="1"/>
      <line num="313" type="stmt" count="1"/>
      <line num="314" type="stmt" count="1"/>
      <line num="315" type="stmt" count="1"/>
      <line num="316" type="stmt" count="1"/>
      <line num="317" type="stmt" count="1"/>
      <line num="318" type="stmt" count="1"/>
      <line num="320" type="stmt" count="1"/>
      <line num="321" type="stmt" count="1"/>
      <line num="322" type="stmt" count="1"/>
      <line num="323" type="stmt" count="1"/>
      <line num="324" type="stmt" count="1"/>
      <line num="328" type="stmt" count="1"/>
      <line num="329" type="stmt" count="1"/>
      <line num="337" type="method" name="peekToken" visibility="public" complexity="4" crap="4" count="1"/>
      <line num="338" type="stmt" count="1"/>
      <line num="339" type="stmt" count="1"/>
      <line num="340" type="stmt" count="1"/>
      <line num="341" type="stmt" count="1"/>
      <line num="342" type="stmt" count="1"/>
      <line num="343" type="stmt" count="1"/>
      <line num="344" type="stmt" count="1"/>
      <line num="347" type="method" name="revokeTokens" visibility="private" complexity="1" crap="1" count="1"/>
      <line num="348" type="stmt" count="1"/>
      <line num="349" type="stmt" count="1"/>
      <line num="352" type="method" name="hashToken" visibility="private" complexity="1" crap="1" count="1"/>
      <line num="353" type="stmt" count="1"/>
      <metrics loc="356" ncloc="347" classes="1" methods="26" coveredmethods="26" conditionals="0" coveredconditionals="0" statements="214" coveredstatements="214" elements="240" coveredelements="240"/>
    </file>
    <file name="C:\Projetos\cifras_fdm\public\src\Services\AccountActivationFlow.php">
      <class name="AccountActivationFlow" namespace="global">
        <metrics complexity="10" methods="3" coveredmethods="3" conditionals="0" coveredconditionals="0" statements="43" coveredstatements="43" elements="46" coveredelements="46"/>
      </class>
      <line num="12" type="method" name="__construct" visibility="public" complexity="1" crap="1" count="9"/>
      <line num="14" type="stmt" count="9"/>
      <line num="15" type="stmt" count="9"/>
      <line num="19" type="method" name="checkTokenForDisplay" visibility="public" complexity="3" crap="3" count="3"/>
      <line num="21" type="stmt" count="3"/>
      <line num="22" type="stmt" count="2"/>
      <line num="24" type="stmt" count="1"/>
      <line num="32" type="method" name="handleSubmit" visibility="public" complexity="6" crap="6" count="6"/>
      <line num="34" type="stmt" count="6"/>
      <line num="35" type="stmt" count="6"/>
      <line num="36" type="stmt" count="1"/>
      <line num="39" type="stmt" count="5"/>
      <line num="40" type="stmt" count="5"/>
      <line num="41" type="stmt" count="1"/>
      <line num="44" type="stmt" count="4"/>
      <line num="45" type="stmt" count="4"/>
      <line num="47" type="stmt" count="4"/>
      <line num="48" type="stmt" count="4"/>
      <line num="49" type="stmt" count="1"/>
      <line num="52" type="stmt" count="3"/>
      <line num="53" type="stmt" count="3"/>
      <line num="54" type="stmt" count="3"/>
      <line num="55" type="stmt" count="3"/>
      <line num="56" type="stmt" count="3"/>
      <line num="57" type="stmt" count="3"/>
      <line num="58" type="stmt" count="3"/>
      <line num="59" type="stmt" count="3"/>
      <line num="60" type="stmt" count="3"/>
      <line num="61" type="stmt" count="3"/>
      <line num="62" type="stmt" count="3"/>
      <line num="63" type="stmt" count="3"/>
      <line num="64" type="stmt" count="3"/>
      <line num="66" type="stmt" count="3"/>
      <line num="67" type="stmt" count="3"/>
      <line num="68" type="stmt" count="2"/>
      <line num="69" type="stmt" count="2"/>
      <line num="70" type="stmt" count="2"/>
      <line num="71" type="stmt" count="1"/>
      <line num="72" type="stmt" count="1"/>
      <line num="73" type="stmt" count="1"/>
      <line num="74" type="stmt" count="1"/>
      <line num="75" type="stmt" count="1"/>
      <line num="76" type="stmt" count="1"/>
      <line num="77" type="stmt" count="1"/>
      <line num="78" type="stmt" count="1"/>
      <line num="82" type="stmt" count="3"/>
      <metrics loc="85" ncloc="74" classes="1" methods="3" coveredmethods="3" conditionals="0" coveredconditionals="0" statements="43" coveredstatements="43" elements="46" coveredelements="46"/>
    </file>
    <file name="C:\Projetos\cifras_fdm\public\src\Services\AuthService.php">
      <class name="AuthService" namespace="global">
        <metrics complexity="13" methods="4" coveredmethods="4" conditionals="0" coveredconditionals="0" statements="45" coveredstatements="45" elements="49" coveredelements="49"/>
      </class>
      <line num="5" type="method" name="__construct" visibility="public" complexity="1" crap="1" count="9"/>
      <line num="6" type="stmt" count="9"/>
      <line num="9" type="method" name="authenticate" visibility="public" complexity="7" crap="7" count="9"/>
      <line num="10" type="stmt" count="9"/>
      <line num="11" type="stmt" count="9"/>
      <line num="12" type="stmt" count="1"/>
      <line num="13" type="stmt" count="1"/>
      <line num="14" type="stmt" count="1"/>
      <line num="15" type="stmt" count="1"/>
      <line num="18" type="stmt" count="8"/>
      <line num="19" type="stmt" count="8"/>
      <line num="21" type="stmt" count="8"/>
      <line num="22" type="stmt" count="1"/>
      <line num="23" type="stmt" count="1"/>
      <line num="24" type="stmt" count="1"/>
      <line num="25" type="stmt" count="1"/>
      <line num="28" type="stmt" count="7"/>
      <line num="29" type="stmt" count="2"/>
      <line num="30" type="stmt" count="2"/>
      <line num="31" type="stmt" count="2"/>
      <line num="32" type="stmt" count="2"/>
      <line num="35" type="stmt" count="5"/>
      <line num="36" type="stmt" count="1"/>
      <line num="37" type="stmt" count="1"/>
      <line num="38" type="stmt" count="1"/>
      <line num="39" type="stmt" count="1"/>
      <line num="42" type="stmt" count="4"/>
      <line num="43" type="stmt" count="1"/>
      <line num="44" type="stmt" count="1"/>
      <line num="45" type="stmt" count="1"/>
      <line num="46" type="stmt" count="1"/>
      <line num="49" type="stmt" count="3"/>
      <line num="50" type="stmt" count="3"/>
      <line num="51" type="stmt" count="3"/>
      <line num="52" type="stmt" count="3"/>
      <line num="55" type="method" name="isExpired" visibility="private" complexity="3" crap="3" count="5"/>
      <line num="56" type="stmt" count="5"/>
      <line num="57" type="stmt" count="5"/>
      <line num="58" type="stmt" count="2"/>
      <line num="61" type="stmt" count="3"/>
      <line num="62" type="stmt" count="3"/>
      <line num="63" type="stmt" count="3"/>
      <line num="64" type="stmt" count="1"/>
      <line num="67" type="stmt" count="2"/>
      <line num="68" type="stmt" count="2"/>
      <line num="71" type="method" name="isExternalWithoutExpiration" visibility="private" complexity="2" crap="2" count="4"/>
      <line num="72" type="stmt" count="4"/>
      <line num="73" type="stmt" count="4"/>
      <line num="74" type="stmt" count="4"/>
      <metrics loc="77" ncloc="77" classes="1" methods="4" coveredmethods="4" conditionals="0" coveredconditionals="0" statements="45" coveredstatements="45" elements="49" coveredelements="49"/>
    </file>
    <file name="C:\Projetos\cifras_fdm\public\src\Services\BandaPlanoValidator.php">
      <class name="BandaPlanoValidator" namespace="global">
        <metrics complexity="3" methods="2" coveredmethods="2" conditionals="0" coveredconditionals="0" statements="2" coveredstatements="2" elements="4" coveredelements="4"/>
      </class>
      <line num="11" type="method" name="normalizar" visibility="public" complexity="2" crap="2" count="2"/>
      <line num="13" type="stmt" count="2"/>
      <line num="16" type="method" name="isValido" visibility="public" complexity="1" crap="1" count="2"/>
      <line num="18" type="stmt" count="2"/>
      <metrics loc="21" ncloc="16" classes="1" methods="2" coveredmethods="2" conditionals="0" coveredconditionals="0" statements="2" coveredstatements="2" elements="4" coveredelements="4"/>
    </file>
    <file name="C:\Projetos\cifras_fdm\public\src\Services\BandaSelectionHelper.php">
      <class name="BandaSelectionHelper" namespace="global">
        <metrics complexity="4" methods="2" coveredmethods="2" conditionals="0" coveredconditionals="0" statements="12" coveredstatements="12" elements="14" coveredelements="14"/>
      </class>
      <line num="8" type="method" name="isBandaJaNaLista" visibility="public" complexity="3" crap="3" count="3"/>
      <line num="10" type="stmt" count="3"/>
      <line num="11" type="stmt" count="2"/>
      <line num="12" type="stmt" count="1"/>
      <line num="15" type="stmt" count="2"/>
      <line num="18" type="method" name="buildBandaAtualSession" visibility="public" complexity="1" crap="1" count="2"/>
      <line num="20" type="stmt" count="2"/>
      <line num="21" type="stmt" count="2"/>
      <line num="22" type="stmt" count="2"/>
      <line num="23" type="stmt" count="2"/>
      <line num="24" type="stmt" count="2"/>
      <line num="25" type="stmt" count="2"/>
      <line num="26" type="stmt" count="2"/>
      <line num="27" type="stmt" count="2"/>
      <metrics loc="30" ncloc="26" classes="1" methods="2" coveredmethods="2" conditionals="0" coveredconditionals="0" statements="12" coveredstatements="12" elements="14" coveredelements="14"/>
    </file>
    <file name="C:\Projetos\cifras_fdm\public\src\Services\CategoriaFormValidator.php">
      <class name="CategoriaFormValidator" namespace="global">
        <metrics complexity="5" methods="2" coveredmethods="2" conditionals="0" coveredconditionals="0" statements="6" coveredstatements="6" elements="8" coveredelements="8"/>
      </class>
      <line num="8" type="method" name="isDeleteIdValido" visibility="public" complexity="2" crap="2" count="2"/>
      <line num="10" type="stmt" count="2"/>
      <line num="14" type="method" name="validateNome" visibility="public" complexity="3" crap="3" count="4"/>
      <line num="16" type="stmt" count="4"/>
      <line num="17" type="stmt" count="1"/>
      <line num="19" type="stmt" count="3"/>
      <line num="20" type="stmt" count="1"/>
      <line num="22" type="stmt" count="2"/>
      <metrics loc="25" ncloc="20" classes="1" methods="2" coveredmethods="2" conditionals="0" coveredconditionals="0" statements="6" coveredstatements="6" elements="8" coveredelements="8"/>
    </file>
    <file name="C:\Projetos\cifras_fdm\public\src\Services\ChordImportProvider.php">
      <metrics loc="6" ncloc="6" classes="0" methods="0" coveredmethods="0" conditionals="0" coveredconditionals="0" statements="0" coveredstatements="0" elements="0" coveredelements="0"/>
    </file>
    <file name="C:\Projetos\cifras_fdm\public\src\Services\ChordImportProviderResolver.php">
      <class name="ChordImportProviderResolver" namespace="global">
        <metrics complexity="3" methods="1" coveredmethods="1" conditionals="0" coveredconditionals="0" statements="8" coveredstatements="8" elements="9" coveredelements="9"/>
      </class>
      <line num="4" type="method" name="forUrl" visibility="public" complexity="3" crap="3" count="4"/>
      <line num="6" type="stmt" count="4"/>
      <line num="7" type="stmt" count="4"/>
      <line num="8" type="stmt" count="4"/>
      <line num="9" type="stmt" count="2"/>
      <line num="11" type="stmt" count="2"/>
      <line num="12" type="stmt" count="2"/>
      <line num="13" type="stmt" count="1"/>
      <line num="15" type="stmt" count="1"/>
      <metrics loc="18" ncloc="18" classes="1" methods="1" coveredmethods="1" conditionals="0" coveredconditionals="0" statements="8" coveredstatements="8" elements="9" coveredelements="9"/>
    </file>
    <file name="C:\Projetos\cifras_fdm\public\src\Services\ChordSaveNormalizer.php">
      <class name="ChordSaveNormalizer" namespace="global">
        <metrics complexity="7" methods="3" coveredmethods="3" conditionals="0" coveredconditionals="0" statements="14" coveredstatements="14" elements="17" coveredelements="17"/>
      </class>
      <line num="13" type="method" name="normalizar" visibility="public" complexity="1" crap="1" count="7"/>
      <line num="15" type="stmt" count="7"/>
      <line num="16" type="stmt" count="6"/>
      <line num="17" type="stmt" count="7"/>
      <line num="20" type="method" name="normalizarTagB" visibility="private" complexity="3" crap="3" count="6"/>
      <line num="22" type="stmt" count="6"/>
      <line num="23" type="stmt" count="6"/>
      <line num="24" type="stmt" count="6"/>
      <line num="25" type="stmt" count="6"/>
      <line num="26" type="stmt" count="1"/>
      <line num="29" type="stmt" count="5"/>
      <line num="32" type="method" name="isOnlyChords" visibility="public" complexity="3" crap="3" count="10"/>
      <line num="34" type="stmt" count="10"/>
      <line num="35" type="stmt" count="10"/>
      <line num="36" type="stmt" count="10"/>
      <line num="37" type="stmt" count="5"/>
      <line num="40" type="stmt" count="6"/>
      <metrics loc="43" ncloc="36" classes="1" methods="3" coveredmethods="3" conditionals="0" coveredconditionals="0" statements="14" coveredstatements="14" elements="17" coveredelements="17"/>
    </file>
    <file name="C:\Projetos\cifras_fdm\public\src\Services\CifraClubImportProvider.php">
      <class name="CifraClubImportProvider" namespace="global">
        <metrics complexity="23" methods="4" coveredmethods="4" conditionals="0" coveredconditionals="0" statements="59" coveredstatements="59" elements="63" coveredelements="63"/>
      </class>
      <line num="30" type="method" name="parseHttpStatusCode" visibility="public" complexity="4" crap="4" count="4"/>
      <line num="32" type="stmt" count="4"/>
      <line num="33" type="stmt" count="1"/>
      <line num="35" type="stmt" count="3"/>
      <line num="36" type="stmt" count="1"/>
      <line num="38" type="stmt" count="2"/>
      <line num="41" type="method" name="import" visibility="public" complexity="3" crap="3" count="7"/>
      <line num="43" type="stmt" count="7"/>
      <line num="44" type="stmt" count="5"/>
      <line num="45" type="stmt" count="5"/>
      <line num="46" type="stmt" count="1"/>
      <line num="48" type="stmt" count="4"/>
      <line num="51" type="method" name="assertAllowedUrl" visibility="private" complexity="3" crap="3" count="7"/>
      <line num="53" type="stmt" count="7"/>
      <line num="54" type="stmt" count="7"/>
      <line num="55" type="stmt" count="7"/>
      <line num="56" type="stmt" count="7"/>
      <line num="57" type="stmt" count="2"/>
      <line num="61" type="method" name="parseHtml" visibility="private" complexity="9" crap="9" count="4"/>
      <line num="63" type="stmt" count="4"/>
      <line num="64" type="stmt" count="4"/>
      <line num="65" type="stmt" count="4"/>
      <line num="66" type="stmt" count="4"/>
      <line num="67" type="stmt" count="4"/>
      <line num="69" type="stmt" count="4"/>
      <line num="70" type="stmt" count="4"/>
      <line num="71" type="stmt" count="4"/>
      <line num="72" type="stmt" count="1"/>
      <line num="75" type="stmt" count="3"/>
      <line num="76" type="stmt" count="3"/>
      <line num="77" type="stmt" count="3"/>
      <line num="78" type="stmt" count="3"/>
      <line num="83" type="stmt" count="3"/>
      <line num="84" type="stmt" count="3"/>
      <line num="85" type="stmt" count="3"/>
      <line num="86" type="stmt" count="3"/>
      <line num="89" type="stmt" count="3"/>
      <line num="90" type="stmt" count="3"/>
      <line num="92" type="stmt" count="3"/>
      <line num="93" type="stmt" count="3"/>
      <line num="94" type="stmt" count="3"/>
      <line num="95" type="stmt" count="3"/>
      <line num="96" type="stmt" count="3"/>
      <line num="97" type="stmt" count="2"/>
      <line num="98" type="stmt" count="2"/>
      <line num="100" type="stmt" count="2"/>
      <line num="101" type="stmt" count="1"/>
      <line num="102" type="stmt" count="1"/>
      <line num="103" type="stmt" count="1"/>
      <line num="105" type="stmt" count="2"/>
      <line num="108" type="stmt" count="3"/>
      <line num="109" type="stmt" count="3"/>
      <line num="110" type="stmt" count="1"/>
      <line num="113" type="stmt" count="2"/>
      <line num="114" type="stmt" count="2"/>
      <line num="115" type="stmt" count="2"/>
      <line num="116" type="stmt" count="2"/>
      <line num="117" type="stmt" count="2"/>
      <line num="118" type="stmt" count="2"/>
      <line num="119" type="stmt" count="2"/>
      <line num="120" type="stmt" count="2"/>
      <line num="121" type="stmt" count="2"/>
      <line num="122" type="stmt" count="2"/>
      <metrics loc="125" ncloc="120" classes="1" methods="4" coveredmethods="4" conditionals="0" coveredconditionals="0" statements="59" coveredstatements="59" elements="63" coveredelements="63"/>
    </file>
    <file name="C:\Projetos\cifras_fdm\public\src\Services\ClosedBetaPolicy.php">
      <class name="ClosedBetaPolicy" namespace="global">
        <metrics complexity="8" methods="4" coveredmethods="4" conditionals="0" coveredconditionals="0" statements="9" coveredstatements="9" elements="13" coveredelements="13"/>
      </class>
      <line num="7" type="method" name="__construct" visibility="public" complexity="3" crap="3" count="21"/>
      <line num="9" type="stmt" count="21"/>
      <line num="10" type="stmt" count="21"/>
      <line num="11" type="stmt" count="1"/>
      <line num="13" type="stmt" count="20"/>
      <line num="14" type="stmt" count="20"/>
      <line num="17" type="method" name="fromEnvironment" visibility="public" complexity="1" crap="1" count="18"/>
      <line num="19" type="stmt" count="18"/>
      <line num="20" type="stmt" count="18"/>
      <line num="23" type="method" name="allows" visibility="public" complexity="3" crap="3" count="20"/>
      <line num="25" type="stmt" count="20"/>
      <line num="28" type="method" name="enabled" visibility="public" complexity="1" crap="1" count="1"/>
      <line num="30" type="stmt" count="1"/>
      <metrics loc="33" ncloc="33" classes="1" methods="4" coveredmethods="4" conditionals="0" coveredconditionals="0" statements="9" coveredstatements="9" elements="13" coveredelements="13"/>
    </file>
    <file name="C:\Projetos\cifras_fdm\public\src\Services\CompromisedPasswordChecker.php">
      <class name="CompromisedPasswordChecker" namespace="global">
        <metrics complexity="3" methods="2" coveredmethods="2" conditionals="0" coveredconditionals="0" statements="9" coveredstatements="9" elements="11" coveredelements="11"/>
      </class>
      <line num="6" type="method" name="setChecker" visibility="public" complexity="1" crap="1" count="1"/>
      <line num="8" type="stmt" count="1"/>
      <line num="11" type="method" name="isCompromised" visibility="public" complexity="2" crap="2" count="11"/>
      <line num="13" type="stmt" count="11"/>
      <line num="14" type="stmt" count="1"/>
      <line num="17" type="stmt" count="10"/>
      <line num="18" type="stmt" count="10"/>
      <line num="19" type="stmt" count="10"/>
      <line num="20" type="stmt" count="10"/>
      <line num="21" type="stmt" count="10"/>
      <line num="22" type="stmt" count="10"/>
      <metrics loc="25" ncloc="25" classes="1" methods="2" coveredmethods="2" conditionals="0" coveredconditionals="0" statements="9" coveredstatements="9" elements="11" coveredelements="11"/>
    </file>
    <file name="C:\Projetos\cifras_fdm\public\src\Services\Database.php">
      <class name="Database" namespace="global">
        <metrics complexity="8" methods="1" coveredmethods="1" conditionals="0" coveredconditionals="0" statements="19" coveredstatements="19" elements="20" coveredelements="20"/>
      </class>
      <line num="5" type="method" name="getConnection" visibility="public" complexity="8" crap="8" count="46"/>
      <line num="6" type="stmt" count="46"/>
      <line num="7" type="stmt" count="44"/>
      <line num="10" type="stmt" count="2"/>
      <line num="11" type="stmt" count="2"/>
      <line num="12" type="stmt" count="2"/>
      <line num="13" type="stmt" count="2"/>
      <line num="14" type="stmt" count="2"/>
      <line num="22" type="stmt" count="2"/>
      <line num="23" type="stmt" count="2"/>
      <line num="25" type="stmt" count="2"/>
      <line num="26" type="stmt" count="1"/>
      <line num="29" type="stmt" count="1"/>
      <line num="31" type="stmt" count="1"/>
      <line num="32" type="stmt" count="1"/>
      <line num="33" type="stmt" count="1"/>
      <line num="34" type="stmt" count="1"/>
      <line num="35" type="stmt" count="1"/>
      <line num="37" type="stmt" count="1"/>
      <line num="38" type="stmt" count="1"/>
      <metrics loc="41" ncloc="39" classes="1" methods="1" coveredmethods="1" conditionals="0" coveredconditionals="0" statements="19" coveredstatements="19" elements="20" coveredelements="20"/>
    </file>
    <file name="C:\Projetos\cifras_fdm\public\src\Services\DatabaseBackupService.php">
      <class name="DatabaseBackupService" namespace="global">
        <metrics complexity="16" methods="3" coveredmethods="3" conditionals="0" coveredconditionals="0" statements="20" coveredstatements="20" elements="23" coveredelements="23"/>
      </class>
      <line num="4" type="method" name="encrypt" visibility="public" complexity="4" crap="4" count="2"/>
      <line num="6" type="stmt" count="2"/>
      <line num="7" type="stmt" count="2"/>
      <line num="8" type="stmt" count="1"/>
      <line num="9" type="stmt" count="1"/>
      <line num="10" type="stmt" count="1"/>
      <line num="11" type="stmt" count="1"/>
      <line num="12" type="stmt" count="1"/>
      <line num="15" type="method" name="decrypt" visibility="public" complexity="6" crap="6" count="1"/>
      <line num="17" type="stmt" count="1"/>
      <line num="18" type="stmt" count="1"/>
      <line num="19" type="stmt" count="1"/>
      <line num="20" type="stmt" count="1"/>
      <line num="21" type="stmt" count="1"/>
      <line num="22" type="stmt" count="1"/>
      <line num="23" type="stmt" count="1"/>
      <line num="24" type="stmt" count="1"/>
      <line num="27" type="method" name="prune" visibility="public" complexity="6" crap="6" count="1"/>
      <line num="29" type="stmt" count="1"/>
      <line num="30" type="stmt" count="1"/>
      <line num="31" type="stmt" count="1"/>
      <line num="32" type="stmt" count="1"/>
      <line num="34" type="stmt" count="1"/>
      <metrics loc="37" ncloc="37" classes="1" methods="3" coveredmethods="3" conditionals="0" coveredconditionals="0" statements="20" coveredstatements="20" elements="23" coveredelements="23"/>
    </file>
    <file name="C:\Projetos\cifras_fdm\public\src\Services\GoogleAuthService.php">
      <class name="GoogleAuthService" namespace="global">
        <metrics complexity="14" methods="5" coveredmethods="5" conditionals="0" coveredconditionals="0" statements="66" coveredstatements="66" elements="71" coveredelements="71"/>
      </class>
      <line num="12" type="method" name="__construct" visibility="public" complexity="1" crap="1" count="11"/>
      <line num="14" type="stmt" count="11"/>
      <line num="15" type="stmt" count="11"/>
      <line num="21" type="method" name="exchangeCodeForIdToken" visibility="public" complexity="2" crap="2" count="2"/>
      <line num="23" type="stmt" count="2"/>
      <line num="24" type="stmt" count="2"/>
      <line num="25" type="stmt" count="2"/>
      <line num="26" type="stmt" count="2"/>
      <line num="27" type="stmt" count="2"/>
      <line num="28" type="stmt" count="2"/>
      <line num="29" type="stmt" count="2"/>
      <line num="30" type="stmt" count="2"/>
      <line num="32" type="stmt" count="2"/>
      <line num="33" type="stmt" count="1"/>
      <line num="35" type="stmt" count="1"/>
      <line num="42" type="method" name="resolveOrCreateUser" visibility="public" complexity="4" crap="4" count="6"/>
      <line num="44" type="stmt" count="6"/>
      <line num="45" type="stmt" count="1"/>
      <line num="48" type="stmt" count="5"/>
      <line num="49" type="stmt" count="5"/>
      <line num="50" type="stmt" count="5"/>
      <line num="52" type="stmt" count="5"/>
      <line num="53" type="stmt" count="5"/>
      <line num="54" type="stmt" count="1"/>
      <line num="57" type="stmt" count="4"/>
      <line num="58" type="stmt" count="4"/>
      <line num="59" type="stmt" count="1"/>
      <line num="60" type="stmt" count="1"/>
      <line num="63" type="stmt" count="3"/>
      <line num="66" type="method" name="createUserAndBanda" visibility="private" complexity="4" crap="4" count="3"/>
      <line num="68" type="stmt" count="3"/>
      <line num="69" type="stmt" count="3"/>
      <line num="70" type="stmt" count="3"/>
      <line num="73" type="stmt" count="3"/>
      <line num="74" type="stmt" count="3"/>
      <line num="75" type="stmt" count="3"/>
      <line num="76" type="stmt" count="3"/>
      <line num="77" type="stmt" count="3"/>
      <line num="78" type="stmt" count="3"/>
      <line num="79" type="stmt" count="3"/>
      <line num="81" type="stmt" count="3"/>
      <line num="82" type="stmt" count="3"/>
      <line num="83" type="stmt" count="3"/>
      <line num="84" type="stmt" count="3"/>
      <line num="85" type="stmt" count="3"/>
      <line num="86" type="stmt" count="3"/>
      <line num="87" type="stmt" count="3"/>
      <line num="88" type="stmt" count="3"/>
      <line num="89" type="stmt" count="3"/>
      <line num="90" type="stmt" count="3"/>
      <line num="91" type="stmt" count="3"/>
      <line num="93" type="stmt" count="3"/>
      <line num="94" type="stmt" count="3"/>
      <line num="95" type="stmt" count="3"/>
      <line num="96" type="stmt" count="3"/>
      <line num="97" type="stmt" count="3"/>
      <line num="98" type="stmt" count="3"/>
      <line num="99" type="stmt" count="3"/>
      <line num="100" type="stmt" count="3"/>
      <line num="101" type="stmt" count="3"/>
      <line num="104" type="method" name="postFormReal" visibility="private" complexity="3" crap="3" count="3"/>
      <line num="106" type="stmt" count="3"/>
      <line num="107" type="stmt" count="3"/>
      <line num="108" type="stmt" count="3"/>
      <line num="109" type="stmt" count="3"/>
      <line num="110" type="stmt" count="3"/>
      <line num="111" type="stmt" count="3"/>
      <line num="112" type="stmt" count="3"/>
      <line num="113" type="stmt" count="3"/>
      <line num="114" type="stmt" count="3"/>
      <line num="115" type="stmt" count="3"/>
      <metrics loc="118" ncloc="105" classes="1" methods="5" coveredmethods="5" conditionals="0" coveredconditionals="0" statements="66" coveredstatements="66" elements="71" coveredelements="71"/>
    </file>
    <file name="C:\Projetos\cifras_fdm\public\src\Services\GoogleCallbackValidator.php">
      <class name="GoogleCallbackValidator" namespace="global">
        <metrics complexity="10" methods="4" coveredmethods="4" conditionals="0" coveredconditionals="0" statements="5" coveredstatements="5" elements="9" coveredelements="9"/>
      </class>
      <line num="9" type="method" name="isStateValid" visibility="public" complexity="3" crap="3" count="4"/>
      <line num="11" type="stmt" count="4"/>
      <line num="14" type="method" name="userCancelled" visibility="public" complexity="1" crap="1" count="2"/>
      <line num="16" type="stmt" count="2"/>
      <line num="20" type="method" name="extractCode" visibility="public" complexity="3" crap="3" count="3"/>
      <line num="22" type="stmt" count="3"/>
      <line num="23" type="stmt" count="3"/>
      <line num="26" type="method" name="isConfigured" visibility="public" complexity="3" crap="3" count="2"/>
      <line num="28" type="stmt" count="2"/>
      <metrics loc="31" ncloc="25" classes="1" methods="4" coveredmethods="4" conditionals="0" coveredconditionals="0" statements="5" coveredstatements="5" elements="9" coveredelements="9"/>
    </file>
    <file name="C:\Projetos\cifras_fdm\public\src\Services\GoogleJwtVerifier.php">
      <class name="GoogleJwtVerifier" namespace="global">
        <metrics complexity="26" methods="8" coveredmethods="8" conditionals="0" coveredconditionals="0" statements="55" coveredstatements="55" elements="63" coveredelements="63"/>
      </class>
      <line num="17" type="method" name="verify" visibility="public" complexity="11" crap="11" count="11"/>
      <line num="19" type="stmt" count="11"/>
      <line num="20" type="stmt" count="11"/>
      <line num="21" type="stmt" count="1"/>
      <line num="23" type="stmt" count="10"/>
      <line num="25" type="stmt" count="10"/>
      <line num="26" type="stmt" count="10"/>
      <line num="27" type="stmt" count="10"/>
      <line num="29" type="stmt" count="10"/>
      <line num="30" type="stmt" count="1"/>
      <line num="32" type="stmt" count="9"/>
      <line num="33" type="stmt" count="1"/>
      <line num="36" type="stmt" count="8"/>
      <line num="37" type="stmt" count="8"/>
      <line num="38" type="stmt" count="8"/>
      <line num="39" type="stmt" count="8"/>
      <line num="40" type="stmt" count="2"/>
      <line num="43" type="stmt" count="6"/>
      <line num="44" type="stmt" count="6"/>
      <line num="45" type="stmt" count="6"/>
      <line num="46" type="stmt" count="1"/>
      <line num="49" type="stmt" count="5"/>
      <line num="50" type="stmt" count="1"/>
      <line num="52" type="stmt" count="4"/>
      <line num="53" type="stmt" count="1"/>
      <line num="55" type="stmt" count="3"/>
      <line num="56" type="stmt" count="1"/>
      <line num="59" type="stmt" count="2"/>
      <line num="62" type="method" name="findPublicKey" visibility="private" complexity="4" crap="4" count="8"/>
      <line num="64" type="stmt" count="8"/>
      <line num="65" type="stmt" count="8"/>
      <line num="66" type="stmt" count="6"/>
      <line num="69" type="stmt" count="2"/>
      <line num="73" type="method" name="rsaComponentsToPem" visibility="private" complexity="1" crap="1" count="6"/>
      <line num="75" type="stmt" count="6"/>
      <line num="76" type="stmt" count="6"/>
      <line num="78" type="stmt" count="6"/>
      <line num="79" type="stmt" count="6"/>
      <line num="81" type="stmt" count="6"/>
      <line num="82" type="stmt" count="6"/>
      <line num="84" type="stmt" count="6"/>
      <line num="85" type="stmt" count="6"/>
      <line num="87" type="stmt" count="6"/>
      <line num="88" type="stmt" count="6"/>
      <line num="91" type="method" name="derEncodeUnsignedInteger" visibility="private" complexity="2" crap="2" count="6"/>
      <line num="93" type="stmt" count="6"/>
      <line num="94" type="stmt" count="6"/>
      <line num="97" type="method" name="derSequence" visibility="private" complexity="1" crap="1" count="6"/>
      <line num="99" type="stmt" count="6"/>
      <line num="102" type="method" name="derLength" visibility="private" complexity="2" crap="2" count="6"/>
      <line num="104" type="stmt" count="6"/>
      <line num="105" type="stmt" count="6"/>
      <line num="106" type="stmt" count="6"/>
      <line num="109" type="method" name="base64urlDecode" visibility="private" complexity="2" crap="2" count="10"/>
      <line num="111" type="stmt" count="10"/>
      <line num="112" type="stmt" count="10"/>
      <line num="115" type="method" name="fetchJwksFromGoogle" visibility="private" complexity="3" crap="3" count="2"/>
      <line num="117" type="stmt" count="2"/>
      <line num="118" type="stmt" count="2"/>
      <line num="119" type="stmt" count="2"/>
      <line num="120" type="stmt" count="2"/>
      <line num="121" type="stmt" count="1"/>
      <line num="123" type="stmt" count="2"/>
      <metrics loc="126" ncloc="113" classes="1" methods="8" coveredmethods="8" conditionals="0" coveredconditionals="0" statements="55" coveredstatements="55" elements="63" coveredelements="63"/>
    </file>
    <file name="C:\Projetos\cifras_fdm\public\src\Services\LiveStateService.php">
      <class name="LiveStateService" namespace="global">
        <metrics complexity="81" methods="18" coveredmethods="18" conditionals="0" coveredconditionals="0" statements="193" coveredstatements="193" elements="211" coveredelements="211"/>
      </class>
      <line num="13" type="method" name="__construct" visibility="public" complexity="2" crap="2" count="24"/>
      <line num="14" type="stmt" count="24"/>
      <line num="15" type="stmt" count="4"/>
      <line num="16" type="stmt" count="4"/>
      <line num="18" type="stmt" count="24"/>
      <line num="19" type="stmt" count="24"/>
      <line num="27" type="method" name="assumirHost" visibility="public" complexity="2" crap="2" count="5"/>
      <line num="28" type="stmt" count="5"/>
      <line num="29" type="stmt" count="1"/>
      <line num="31" type="stmt" count="4"/>
      <line num="32" type="stmt" count="4"/>
      <line num="34" type="stmt" count="4"/>
      <line num="35" type="stmt" count="4"/>
      <line num="36" type="stmt" count="4"/>
      <line num="37" type="stmt" count="4"/>
      <line num="38" type="stmt" count="4"/>
      <line num="39" type="stmt" count="4"/>
      <line num="40" type="stmt" count="4"/>
      <line num="41" type="stmt" count="4"/>
      <line num="42" type="stmt" count="4"/>
      <line num="43" type="stmt" count="4"/>
      <line num="44" type="stmt" count="4"/>
      <line num="45" type="stmt" count="4"/>
      <line num="46" type="stmt" count="4"/>
      <line num="47" type="stmt" count="4"/>
      <line num="48" type="stmt" count="4"/>
      <line num="49" type="stmt" count="4"/>
      <line num="52" type="method" name="atualizar" visibility="public" complexity="24" crap="24" count="16"/>
      <line num="54" type="stmt" count="16"/>
      <line num="55" type="stmt" count="15"/>
      <line num="56" type="stmt" count="2"/>
      <line num="58" type="stmt" count="14"/>
      <line num="60" type="stmt" count="14"/>
      <line num="62" type="stmt" count="14"/>
      <line num="63" type="stmt" count="12"/>
      <line num="64" type="stmt" count="9"/>
      <line num="67" type="stmt" count="5"/>
      <line num="68" type="stmt" count="5"/>
      <line num="69" type="stmt" count="5"/>
      <line num="71" type="stmt" count="5"/>
      <line num="72" type="stmt" count="5"/>
      <line num="73" type="stmt" count="1"/>
      <line num="74" type="stmt" count="1"/>
      <line num="77" type="stmt" count="5"/>
      <line num="78" type="stmt" count="5"/>
      <line num="79" type="stmt" count="5"/>
      <line num="80" type="stmt" count="5"/>
      <line num="81" type="stmt" count="5"/>
      <line num="82" type="stmt" count="5"/>
      <line num="83" type="stmt" count="5"/>
      <line num="85" type="stmt" count="5"/>
      <line num="86" type="stmt" count="4"/>
      <line num="87" type="stmt" count="4"/>
      <line num="88" type="stmt" count="4"/>
      <line num="90" type="stmt" count="5"/>
      <line num="91" type="stmt" count="5"/>
      <line num="92" type="stmt" count="5"/>
      <line num="93" type="stmt" count="5"/>
      <line num="95" type="stmt" count="5"/>
      <line num="96" type="stmt" count="5"/>
      <line num="97" type="stmt" count="5"/>
      <line num="98" type="stmt" count="5"/>
      <line num="99" type="stmt" count="5"/>
      <line num="100" type="stmt" count="5"/>
      <line num="101" type="stmt" count="5"/>
      <line num="102" type="stmt" count="5"/>
      <line num="103" type="stmt" count="5"/>
      <line num="104" type="stmt" count="5"/>
      <line num="105" type="stmt" count="5"/>
      <line num="106" type="stmt" count="5"/>
      <line num="107" type="stmt" count="5"/>
      <line num="108" type="stmt" count="5"/>
      <line num="109" type="stmt" count="5"/>
      <line num="110" type="stmt" count="5"/>
      <line num="113" type="method" name="status" visibility="public" complexity="3" crap="3" count="6"/>
      <line num="114" type="stmt" count="6"/>
      <line num="115" type="stmt" count="1"/>
      <line num="117" type="stmt" count="5"/>
      <line num="118" type="stmt" count="4"/>
      <line num="119" type="stmt" count="4"/>
      <line num="120" type="stmt" count="4"/>
      <line num="121" type="stmt" count="4"/>
      <line num="122" type="stmt" count="4"/>
      <line num="123" type="stmt" count="4"/>
      <line num="124" type="stmt" count="4"/>
      <line num="125" type="stmt" count="4"/>
      <line num="126" type="stmt" count="4"/>
      <line num="127" type="stmt" count="4"/>
      <line num="128" type="stmt" count="4"/>
      <line num="129" type="stmt" count="4"/>
      <line num="130" type="stmt" count="4"/>
      <line num="131" type="stmt" count="4"/>
      <line num="132" type="stmt" count="4"/>
      <line num="133" type="stmt" count="4"/>
      <line num="134" type="stmt" count="4"/>
      <line num="135" type="stmt" count="5"/>
      <line num="142" type="method" name="withState" visibility="private" complexity="2" crap="2" count="9"/>
      <line num="143" type="stmt" count="9"/>
      <line num="144" type="stmt" count="4"/>
      <line num="146" type="stmt" count="5"/>
      <line num="149" type="method" name="withRepoState" visibility="private" complexity="3" crap="3" count="4"/>
      <line num="150" type="stmt" count="4"/>
      <line num="151" type="stmt" count="4"/>
      <line num="154" type="stmt" count="4"/>
      <line num="155" type="stmt" count="4"/>
      <line num="156" type="stmt" count="4"/>
      <line num="159" type="stmt" count="4"/>
      <line num="160" type="stmt" count="4"/>
      <line num="162" type="stmt" count="3"/>
      <line num="163" type="stmt" count="1"/>
      <line num="164" type="stmt" count="1"/>
      <line num="165" type="stmt" count="1"/>
      <line num="169" type="method" name="normaliseRepoRow" visibility="private" complexity="2" crap="2" count="4"/>
      <line num="170" type="stmt" count="4"/>
      <line num="171" type="stmt" count="4"/>
      <line num="172" type="stmt" count="4"/>
      <line num="173" type="stmt" count="4"/>
      <line num="174" type="stmt" count="4"/>
      <line num="175" type="stmt" count="4"/>
      <line num="176" type="stmt" count="4"/>
      <line num="177" type="stmt" count="4"/>
      <line num="178" type="stmt" count="4"/>
      <line num="179" type="stmt" count="4"/>
      <line num="180" type="stmt" count="4"/>
      <line num="181" type="stmt" count="4"/>
      <line num="184" type="method" name="stateToRepoFields" visibility="private" complexity="3" crap="3" count="5"/>
      <line num="185" type="stmt" count="5"/>
      <line num="186" type="stmt" count="5"/>
      <line num="187" type="stmt" count="5"/>
      <line num="188" type="stmt" count="5"/>
      <line num="189" type="stmt" count="5"/>
      <line num="190" type="stmt" count="5"/>
      <line num="191" type="stmt" count="5"/>
      <line num="192" type="stmt" count="5"/>
      <line num="193" type="stmt" count="5"/>
      <line num="194" type="stmt" count="5"/>
      <line num="195" type="stmt" count="1"/>
      <line num="196" type="stmt" count="5"/>
      <line num="197" type="stmt" count="5"/>
      <line num="204" type="method" name="withLockedFileState" visibility="private" complexity="6" crap="6" count="6"/>
      <line num="205" type="stmt" count="6"/>
      <line num="206" type="stmt" count="6"/>
      <line num="208" type="stmt" count="6"/>
      <line num="209" type="stmt" count="6"/>
      <line num="212" type="stmt" count="5"/>
      <line num="214" type="stmt" count="5"/>
      <line num="215" type="stmt" count="5"/>
      <line num="216" type="stmt" count="5"/>
      <line num="217" type="stmt" count="5"/>
      <line num="219" type="stmt" count="5"/>
      <line num="220" type="stmt" count="4"/>
      <line num="221" type="stmt" count="4"/>
      <line num="223" type="stmt" count="4"/>
      <line num="224" type="stmt" count="3"/>
      <line num="225" type="stmt" count="3"/>
      <line num="226" type="stmt" count="3"/>
      <line num="227" type="stmt" count="3"/>
      <line num="228" type="stmt" count="3"/>
      <line num="231" type="stmt" count="4"/>
      <line num="232" type="stmt" count="4"/>
      <line num="233" type="stmt" count="4"/>
      <line num="234" type="stmt" count="1"/>
      <line num="235" type="stmt" count="1"/>
      <line num="236" type="stmt" count="1"/>
      <line num="237" type="stmt" count="1"/>
      <line num="238" type="stmt" count="1"/>
      <line num="242" type="method" name="decodeFileState" visibility="private" complexity="4" crap="4" count="5"/>
      <line num="243" type="stmt" count="5"/>
      <line num="244" type="stmt" count="4"/>
      <line num="245" type="stmt" count="4"/>
      <line num="248" type="method" name="getSalaState" visibility="private" complexity="2" crap="2" count="5"/>
      <line num="249" type="stmt" count="5"/>
      <line num="250" type="stmt" count="5"/>
      <line num="251" type="stmt" count="5"/>
      <line num="252" type="stmt" count="5"/>
      <line num="253" type="stmt" count="5"/>
      <line num="254" type="stmt" count="5"/>
      <line num="255" type="stmt" count="5"/>
      <line num="262" type="method" name="hostAindaAtivo" visibility="private" complexity="4" crap="4" count="4"/>
      <line num="263" type="stmt" count="4"/>
      <line num="264" type="stmt" count="3"/>
      <line num="265" type="stmt" count="3"/>
      <line num="268" type="method" name="validarSalaId" visibility="private" complexity="3" crap="3" count="22"/>
      <line num="269" type="stmt" count="22"/>
      <line num="270" type="stmt" count="22"/>
      <line num="271" type="stmt" count="22"/>
      <line num="272" type="stmt" count="19"/>
      <line num="275" type="method" name="validarHostId" visibility="private" complexity="2" crap="2" count="15"/>
      <line num="276" type="stmt" count="15"/>
      <line num="277" type="stmt" count="15"/>
      <line num="278" type="stmt" count="14"/>
      <line num="281" type="method" name="validarCifraAtual" visibility="private" complexity="3" crap="3" count="14"/>
      <line num="282" type="stmt" count="14"/>
      <line num="283" type="stmt" count="14"/>
      <line num="284" type="stmt" count="9"/>
      <line num="285" type="stmt" count="7"/>
      <line num="288" type="method" name="validarPaginaAtual" visibility="private" complexity="14" crap="14" count="12"/>
      <line num="289" type="stmt" count="12"/>
      <line num="290" type="stmt" count="12"/>
      <line num="291" type="stmt" count="12"/>
      <line num="292" type="stmt" count="9"/>
      <line num="293" type="stmt" count="7"/>
      <line num="294" type="stmt" count="4"/>
      <line num="295" type="stmt" count="3"/>
      <line num="297" type="stmt" count="3"/>
      <line num="298" type="stmt" count="1"/>
      <line num="301" type="method" name="novoHostId" visibility="private" complexity="1" crap="1" count="4"/>
      <line num="302" type="stmt" count="4"/>
      <line num="305" type="method" name="err400" visibility="private" complexity="1" crap="1" count="13"/>
      <line num="306" type="stmt" count="13"/>
      <line num="307" type="stmt" count="13"/>
      <metrics loc="310" ncloc="289" classes="1" methods="18" coveredmethods="18" conditionals="0" coveredconditionals="0" statements="193" coveredstatements="193" elements="211" coveredelements="211"/>
    </file>
    <file name="C:\Projetos\cifras_fdm\public\src\Services\MailService.php">
      <class name="MailService" namespace="global">
        <metrics complexity="8" methods="6" coveredmethods="6" conditionals="0" coveredconditionals="0" statements="75" coveredstatements="75" elements="81" coveredelements="81"/>
      </class>
      <line num="6" type="method" name="mailer" visibility="private" complexity="2" crap="2" count="2"/>
      <line num="7" type="stmt" count="2"/>
      <line num="8" type="stmt" count="2"/>
      <line num="9" type="stmt" count="1"/>
      <line num="11" type="stmt" count="1"/>
      <line num="13" type="stmt" count="1"/>
      <line num="14" type="stmt" count="1"/>
      <line num="15" type="stmt" count="1"/>
      <line num="16" type="stmt" count="1"/>
      <line num="17" type="stmt" count="1"/>
      <line num="18" type="stmt" count="1"/>
      <line num="19" type="stmt" count="1"/>
      <line num="20" type="stmt" count="1"/>
      <line num="21" type="stmt" count="1"/>
      <line num="22" type="stmt" count="1"/>
      <line num="23" type="stmt" count="1"/>
      <line num="25" type="stmt" count="1"/>
      <line num="26" type="stmt" count="1"/>
      <line num="27" type="stmt" count="1"/>
      <line num="29" type="stmt" count="1"/>
      <line num="33" type="method" name="sendWelcome" visibility="public" complexity="1" crap="1" count="1"/>
      <line num="34" type="stmt" count="1"/>
      <line num="35" type="stmt" count="1"/>
      <line num="37" type="stmt" count="1"/>
      <line num="38" type="stmt" count="1"/>
      <line num="39" type="stmt" count="1"/>
      <line num="40" type="stmt" count="1"/>
      <line num="41" type="stmt" count="1"/>
      <line num="42" type="stmt" count="1"/>
      <line num="43" type="stmt" count="1"/>
      <line num="44" type="stmt" count="1"/>
      <line num="45" type="stmt" count="1"/>
      <line num="46" type="stmt" count="1"/>
      <line num="47" type="stmt" count="1"/>
      <line num="48" type="stmt" count="1"/>
      <line num="49" type="stmt" count="1"/>
      <line num="53" type="method" name="sendInvite" visibility="public" complexity="1" crap="1" count="1"/>
      <line num="54" type="stmt" count="1"/>
      <line num="55" type="stmt" count="1"/>
      <line num="57" type="stmt" count="1"/>
[...]
      </class>
      <line num="9" type="method" name="normalizarEntrada" visibility="public" complexity="6" crap="6" count="4"/>
      <line num="11" type="stmt" count="4"/>
      <line num="12" type="stmt" count="1"/>
      <line num="14" type="stmt" count="3"/>
      <line num="15" type="stmt" count="2"/>
      <line num="16" type="stmt" count="2"/>
      <line num="17" type="stmt" count="2"/>
      <line num="18" type="stmt" count="2"/>
      <line num="21" type="stmt" count="2"/>
      <line num="23" type="stmt" count="1"/>
      <line num="26" type="method" name="isNomeEItensValidos" visibility="public" complexity="3" crap="3" count="4"/>
      <line num="28" type="stmt" count="4"/>
      <line num="31" type="method" name="isVisivelAteValido" visibility="public" complexity="3" crap="3" count="4"/>
      <line num="33" type="stmt" count="4"/>
      <line num="34" type="stmt" count="1"/>
      <line num="36" type="stmt" count="3"/>
      <line num="37" type="stmt" count="3"/>
      <line num="41" type="method" name="validarItem" visibility="public" complexity="7" crap="7" count="4"/>
      <line num="43" type="stmt" count="4"/>
      <line num="44" type="stmt" count="4"/>
      <line num="45" type="stmt" count="4"/>
      <line num="46" type="stmt" count="1"/>
      <line num="48" type="stmt" count="3"/>
      <line num="49" type="stmt" count="1"/>
      <line num="51" type="stmt" count="2"/>
      <line num="54" type="method" name="computeMaxPlaylists" visibility="public" complexity="2" crap="2" count="2"/>
      <line num="56" type="stmt" count="2"/>
      <line num="59" type="method" name="excedeLimite" visibility="public" complexity="2" crap="2" count="3"/>
      <line num="61" type="stmt" count="3"/>
      <line num="64" type="method" name="planoLabel" visibility="public" complexity="1" crap="1" count="1"/>
      <line num="66" type="stmt" count="1"/>
      <line num="67" type="stmt" count="1"/>
      <line num="68" type="stmt" count="1"/>
      <line num="69" type="stmt" count="1"/>
      <line num="70" type="stmt" count="1"/>
      <metrics loc="73" ncloc="67" classes="1" methods="7" coveredmethods="7" conditionals="0" coveredconditionals="0" statements="28" coveredstatements="28" elements="35" coveredelements="35"/>
    </file>
    <file name="C:\Projetos\cifras_fdm\public\src\Services\PrivacyService.php">
      <class name="PrivacyService" namespace="global">
        <metrics complexity="12" methods="3" coveredmethods="3" conditionals="0" coveredconditionals="0" statements="34" coveredstatements="34" elements="37" coveredelements="37"/>
      </class>
      <line num="6" type="method" name="__construct" visibility="public" complexity="1" crap="1" count="2"/>
      <line num="8" type="stmt" count="2"/>
      <line num="11" type="method" name="exportAccount" visibility="public" complexity="3" crap="3" count="1"/>
      <line num="13" type="stmt" count="1"/>
      <line num="14" type="stmt" count="1"/>
      <line num="15" type="stmt" count="1"/>
      <line num="16" type="stmt" count="1"/>
      <line num="17" type="stmt" count="1"/>
      <line num="19" type="stmt" count="1"/>
      <line num="20" type="stmt" count="1"/>
      <line num="21" type="stmt" count="1"/>
      <line num="22" type="stmt" count="1"/>
      <line num="24" type="stmt" count="1"/>
      <line num="25" type="stmt" count="1"/>
      <line num="26" type="stmt" count="1"/>
      <line num="27" type="stmt" count="1"/>
      <line num="29" type="stmt" count="1"/>
      <line num="30" type="stmt" count="1"/>
      <line num="31" type="stmt" count="1"/>
      <line num="32" type="stmt" count="1"/>
      <line num="33" type="stmt" count="1"/>
      <line num="34" type="stmt" count="1"/>
      <line num="37" type="method" name="deleteAccount" visibility="public" complexity="8" crap="8" count="1"/>
      <line num="39" type="stmt" count="1"/>
      <line num="40" type="stmt" count="1"/>
      <line num="42" type="stmt" count="1"/>
      <line num="43" type="stmt" count="1"/>
      <line num="44" type="stmt" count="1"/>
      <line num="45" type="stmt" count="1"/>
      <line num="46" type="stmt" count="1"/>
      <line num="47" type="stmt" count="1"/>
      <line num="49" type="stmt" count="1"/>
      <line num="50" type="stmt" count="1"/>
      <line num="51" type="stmt" count="1"/>
      <line num="53" type="stmt" count="1"/>
      <line num="54" type="stmt" count="1"/>
      <line num="55" type="stmt" count="1"/>
      <metrics loc="62" ncloc="60" classes="1" methods="3" coveredmethods="3" conditionals="0" coveredconditionals="0" statements="34" coveredstatements="34" elements="37" coveredelements="37"/>
    </file>
    <file name="C:\Projetos\cifras_fdm\public\src\Services\RoteiroFormValidator.php">
      <class name="RoteiroFormValidator" namespace="global">
        <metrics complexity="4" methods="2" coveredmethods="2" conditionals="0" coveredconditionals="0" statements="3" coveredstatements="3" elements="5" coveredelements="5"/>
      </class>
      <line num="8" type="method" name="isValido" visibility="public" complexity="3" crap="3" count="5"/>
      <line num="10" type="stmt" count="5"/>
      <line num="13" type="method" name="normalizarConteudo" visibility="public" complexity="1" crap="1" count="2"/>
      <line num="15" type="stmt" count="2"/>
      <line num="16" type="stmt" count="2"/>
      <metrics loc="19" ncloc="15" classes="1" methods="2" coveredmethods="2" conditionals="0" coveredconditionals="0" statements="3" coveredstatements="3" elements="5" coveredelements="5"/>
    </file>
    <file name="C:\Projetos\cifras_fdm\public\src\Services\StripeCheckoutHelper.php">
      <class name="StripeCheckoutHelper" namespace="global">
        <metrics complexity="9" methods="3" coveredmethods="3" conditionals="0" coveredconditionals="0" statements="25" coveredstatements="25" elements="28" coveredelements="28"/>
      </class>
      <line num="7" type="method" name="priceIdForPlan" visibility="public" complexity="2" crap="2" count="2"/>
      <line num="9" type="stmt" count="2"/>
      <line num="10" type="stmt" count="1"/>
      <line num="12" type="stmt" count="1"/>
      <line num="15" type="method" name="buildPayload" visibility="public" complexity="1" crap="1" count="1"/>
      <line num="23" type="stmt" count="1"/>
      <line num="24" type="stmt" count="1"/>
      <line num="25" type="stmt" count="1"/>
      <line num="26" type="stmt" count="1"/>
      <line num="27" type="stmt" count="1"/>
      <line num="28" type="stmt" count="1"/>
      <line num="29" type="stmt" count="1"/>
      <line num="30" type="stmt" count="1"/>
      <line num="31" type="stmt" count="1"/>
      <line num="32" type="stmt" count="1"/>
      <line num="38" type="method" name="callStripeApi" visibility="public" complexity="5" crap="5" count="4"/>
      <line num="40" type="stmt" count="4"/>
      <line num="42" type="stmt" count="4"/>
      <line num="43" type="stmt" count="4"/>
      <line num="44" type="stmt" count="4"/>
      <line num="46" type="stmt" count="4"/>
      <line num="47" type="stmt" count="4"/>
      <line num="48" type="stmt" count="1"/>
      <line num="50" type="stmt" count="3"/>
      <line num="51" type="stmt" count="1"/>
      <line num="53" type="stmt" count="2"/>
      <line num="54" type="stmt" count="1"/>
      <line num="56" type="stmt" count="1"/>
      <metrics loc="77" ncloc="73" classes="1" methods="3" coveredmethods="3" conditionals="0" coveredconditionals="0" statements="25" coveredstatements="25" elements="28" coveredelements="28"/>
    </file>
    <file name="C:\Projetos\cifras_fdm\public\src\Services\StripeWebhookHelper.php">
      <class name="StripeWebhookHelper" namespace="global">
        <metrics complexity="12" methods="3" coveredmethods="3" conditionals="0" coveredconditionals="0" statements="19" coveredstatements="19" elements="22" coveredelements="22"/>
      </class>
      <line num="7" type="method" name="resourceId" visibility="public" complexity="5" crap="5" count="2"/>
      <line num="9" type="stmt" count="2"/>
      <line num="10" type="stmt" count="2"/>
      <line num="11" type="stmt" count="2"/>
      <line num="12" type="stmt" count="2"/>
      <line num="16" type="method" name="resolverPlanoByPrice" visibility="public" complexity="2" crap="2" count="3"/>
      <line num="18" type="stmt" count="3"/>
      <line num="19" type="stmt" count="1"/>
      <line num="21" type="stmt" count="2"/>
      <line num="24" type="method" name="validateStripeSignature" visibility="public" complexity="5" crap="5" count="5"/>
      <line num="26" type="stmt" count="5"/>
      <line num="27" type="stmt" count="5"/>
      <line num="28" type="stmt" count="5"/>
      <line num="29" type="stmt" count="5"/>
      <line num="30" type="stmt" count="5"/>
      <line num="32" type="stmt" count="5"/>
      <line num="33" type="stmt" count="1"/>
      <line num="35" type="stmt" count="4"/>
      <line num="36" type="stmt" count="4"/>
      <line num="37" type="stmt" count="1"/>
      <line num="39" type="stmt" count="3"/>
      <line num="40" type="stmt" count="3"/>
      <metrics loc="43" ncloc="39" classes="1" methods="3" coveredmethods="3" conditionals="0" coveredconditionals="0" statements="19" coveredstatements="19" elements="22" coveredelements="22"/>
    </file>
    <file name="C:\Projetos\cifras_fdm\public\src\Services\SyncConflictException.php">
      <class name="SyncConflictException" namespace="global">
        <metrics complexity="2" methods="2" coveredmethods="2" conditionals="0" coveredconditionals="0" statements="3" coveredstatements="3" elements="5" coveredelements="5"/>
      </class>
      <line num="5" type="method" name="__construct" visibility="public" complexity="1" crap="1" count="3"/>
      <line num="6" type="stmt" count="3"/>
      <line num="7" type="stmt" count="3"/>
      <line num="10" type="method" name="getCurrentRevision" visibility="public" complexity="1" crap="1" count="2"/>
      <line num="11" type="stmt" count="2"/>
      <metrics loc="14" ncloc="14" classes="1" methods="2" coveredmethods="2" conditionals="0" coveredconditionals="0" statements="3" coveredstatements="3" elements="5" coveredelements="5"/>
    </file>
    <file name="C:\Projetos\cifras_fdm\public\src\Services\UserConfigValidator.php">
      <class name="UserConfigValidator" namespace="global">
        <metrics complexity="15" methods="6" coveredmethods="6" conditionals="0" coveredconditionals="0" statements="17" coveredstatements="17" elements="23" coveredelements="23"/>
      </class>
      <line num="11" type="method" name="validate" visibility="public" complexity="1" crap="1" count="10"/>
      <line num="13" type="stmt" count="10"/>
      <line num="14" type="stmt" count="10"/>
      <line num="15" type="stmt" count="10"/>
      <line num="16" type="stmt" count="10"/>
      <line num="17" type="stmt" count="10"/>
      <line num="18" type="stmt" count="10"/>
      <line num="19" type="stmt" count="10"/>
      <line num="22" type="method" name="isKeySuportada" visibility="public" complexity="1" crap="1" count="2"/>
      <line num="24" type="stmt" count="2"/>
      <line num="27" type="method" name="validateTema" visibility="private" complexity="3" crap="3" count="2"/>
      <line num="29" type="stmt" count="2"/>
      <line num="32" type="method" name="validateCifraSize" visibility="private" complexity="2" crap="2" count="2"/>
      <line num="34" type="stmt" count="2"/>
      <line num="35" type="stmt" count="2"/>
      <line num="38" type="method" name="validateScrollSpeed" visibility="private" complexity="3" crap="3" count="2"/>
      <line num="40" type="stmt" count="2"/>
      <line num="43" type="method" name="validateKeepAwake" visibility="private" complexity="5" crap="5" count="3"/>
      <line num="45" type="stmt" count="3"/>
      <line num="46" type="stmt" count="1"/>
      <line num="48" type="stmt" count="2"/>
      <line num="49" type="stmt" count="1"/>
      <line num="51" type="stmt" count="1"/>
      <metrics loc="54" ncloc="49" classes="1" methods="6" coveredmethods="6" conditionals="0" coveredconditionals="0" statements="17" coveredstatements="17" elements="23" coveredelements="23"/>
    </file>
    <file name="C:\Projetos\cifras_fdm\public\src\Services\UserFormValidator.php">
      <class name="UserFormValidator" namespace="global">
        <metrics complexity="11" methods="6" coveredmethods="6" conditionals="0" coveredconditionals="0" statements="13" coveredstatements="13" elements="19" coveredelements="19"/>
      </class>
      <line num="11" type="method" name="isPerfilValido" visibility="public" complexity="1" crap="1" count="2"/>
      <line num="13" type="stmt" count="2"/>
      <line num="16" type="method" name="isEmailValido" visibility="public" complexity="2" crap="2" count="3"/>
      <line num="18" type="stmt" count="3"/>
      <line num="22" type="method" name="isValidadeValida" visibility="public" complexity="3" crap="3" count="4"/>
      <line num="24" type="stmt" count="4"/>
      <line num="25" type="stmt" count="1"/>
      <line num="27" type="stmt" count="3"/>
      <line num="28" type="stmt" count="1"/>
      <line num="30" type="stmt" count="2"/>
      <line num="31" type="stmt" count="2"/>
      <line num="34" type="method" name="isNomeEEmailPresentes" visibility="public" complexity="2" crap="2" count="3"/>
      <line num="36" type="stmt" count="3"/>
      <line num="39" type="method" name="mapSaveErrorMessage" visibility="public" complexity="2" crap="2" count="2"/>
      <line num="41" type="stmt" count="2"/>
      <line num="42" type="stmt" count="1"/>
      <line num="43" type="stmt" count="2"/>
      <line num="46" type="method" name="isSearchQueryValid" visibility="public" complexity="1" crap="1" count="2"/>
      <line num="48" type="stmt" count="2"/>
      <metrics loc="51" ncloc="45" classes="1" methods="6" coveredmethods="6" conditionals="0" coveredconditionals="0" statements="13" coveredstatements="13" elements="19" coveredelements="19"/>
    </file>
    <file name="C:\Projetos\cifras_fdm\public\src\Services\Validator.php">
      <class name="Validator" namespace="global">
        <metrics complexity="3" methods="2" coveredmethods="2" conditionals="0" coveredconditionals="0" statements="6" coveredstatements="6" elements="8" coveredelements="8"/>
      </class>
      <line num="3" type="method" name="string" visibility="public" complexity="2" crap="2" count="13"/>
      <line num="4" type="stmt" count="13"/>
      <line num="5" type="stmt" count="13"/>
      <line num="7" type="stmt" count="13"/>
      <line num="8" type="stmt" count="13"/>
      <line num="11" type="stmt" count="13"/>
      <line num="14" type="method" name="login" visibility="public" complexity="1" crap="1" count="9"/>
      <line num="15" type="stmt" count="9"/>
      <metrics loc="18" ncloc="18" classes="1" methods="2" coveredmethods="2" conditionals="0" coveredconditionals="0" statements="6" coveredstatements="6" elements="8" coveredelements="8"/>
    </file>
    <file name="C:\Projetos\cifras_fdm\public\src\Services\YoutubeAudioDownloadService.php">
      <class name="YoutubeAudioDownloadService" namespace="global">
        <metrics complexity="40" methods="11" coveredmethods="11" conditionals="0" coveredconditionals="0" statements="60" coveredstatements="60" elements="71" coveredelements="71"/>
      </class>
      <line num="25" type="method" name="__construct" visibility="public" complexity="1" crap="1" count="27"/>
      <line num="27" type="stmt" count="27"/>
      <line num="28" type="stmt" count="2"/>
      <line num="29" type="stmt" count="2"/>
      <line num="30" type="stmt" count="2"/>
      <line num="31" type="stmt" count="2"/>
      <line num="32" type="stmt" count="2"/>
      <line num="33" type="stmt" count="2"/>
      <line num="34" type="stmt" count="2"/>
      <line num="35" type="stmt" count="2"/>
      <line num="36" type="stmt" count="13"/>
      <line num="37" type="stmt" count="27"/>
      <line num="38" type="stmt" count="27"/>
      <line num="39" type="stmt" count="27"/>
      <line num="40" type="stmt" count="27"/>
      <line num="41" type="stmt" count="1"/>
      <line num="42" type="stmt" count="24"/>
      <line num="43" type="stmt" count="27"/>
      <line num="46" type="method" name="isValidVideoId" visibility="public" complexity="2" crap="2" count="1"/>
      <line num="48" type="stmt" count="1"/>
      <line num="51" type="method" name="ensureUploadDir" visibility="public" complexity="2" crap="2" count="3"/>
      <line num="53" type="stmt" count="3"/>
      <line num="54" type="stmt" count="1"/>
      <line num="56" type="stmt" count="2"/>
      <line num="59" type="method" name="buildFileName" visibility="public" complexity="3" crap="3" count="2"/>
      <line num="61" type="stmt" count="2"/>
      <line num="62" type="stmt" count="2"/>
      <line num="63" type="stmt" count="2"/>
      <line num="66" type="method" name="fetchTitle" visibility="public" complexity="4" crap="4" count="3"/>
      <line num="68" type="stmt" count="3"/>
      <line num="69" type="stmt" count="3"/>
      <line num="70" type="stmt" count="3"/>
      <line num="71" type="stmt" count="3"/>
      <line num="74" type="method" name="isCached" visibility="public" complexity="2" crap="2" count="3"/>
      <line num="76" type="stmt" count="3"/>
      <line num="83" type="method" name="downloadViaProviders" visibility="public" complexity="6" crap="6" count="5"/>
      <line num="85" type="stmt" count="5"/>
      <line num="86" type="stmt" count="5"/>
      <line num="87" type="stmt" count="5"/>
      <line num="88" type="stmt" count="3"/>
      <line num="89" type="stmt" count="3"/>
      <line num="90" type="stmt" count="2"/>
      <line num="94" type="stmt" count="3"/>
      <line num="97" type="method" name="providers" visibility="private" complexity="1" crap="1" count="5"/>
      <line num="99" type="stmt" count="5"/>
      <line num="100" type="stmt" count="5"/>
      <line num="101" type="stmt" count="5"/>
      <line num="102" type="stmt" count="5"/>
      <line num="105" type="method" name="callJsonApi" visibility="private" complexity="3" crap="3" count="5"/>
      <line num="107" type="stmt" count="5"/>
      <line num="108" type="stmt" count="5"/>
      <line num="109" type="stmt" count="1"/>
      <line num="111" type="stmt" count="4"/>
      <line num="112" type="stmt" count="4"/>
      <line num="115" type="method" name="saveRemoteFile" visibility="public" complexity="8" crap="8" count="10"/>
      <line num="117" type="stmt" count="10"/>
      <line num="118" type="stmt" count="1"/>
      <line num="121" type="stmt" count="9"/>
      <line num="122" type="stmt" count="9"/>
      <line num="123" type="stmt" count="3"/>
      <line num="126" type="stmt" count="6"/>
      <line num="127" type="stmt" count="6"/>
      <line num="128" type="stmt" count="1"/>
      <line num="131" type="stmt" count="5"/>
      <line num="134" type="method" name="isAudioPayload" visibility="private" complexity="8" crap="8" count="6"/>
      <line num="136" type="stmt" count="6"/>
      <line num="137" type="stmt" count="6"/>
      <line num="138" type="stmt" count="4"/>
      <line num="140" type="stmt" count="2"/>
      <line num="141" type="stmt" count="1"/>
      <line num="143" type="stmt" count="1"/>
      <metrics loc="146" ncloc="128" classes="1" methods="11" coveredmethods="11" conditionals="0" coveredconditionals="0" statements="60" coveredstatements="60" elements="71" coveredelements="71"/>
    </file>
    <metrics files="40" loc="2881" ncloc="2691" classes="39" methods="202" coveredmethods="202" conditionals="0" coveredconditionals="0" statements="1430" coveredstatements="1430" elements="1632" coveredelements="1632"/>
  </project>
</coverage>
